2018-12-18 15:00:55.389  INFO [user-service] 12224 --- [           main] s.c.a.AnnotationConfigApplicationContext : Refreshing org.springframework.context.annotation.AnnotationConfigApplicationContext@44a59da3: startup date [Tue Dec 18 15:00:55 CST 2018]; root of context hierarchy
2018-12-18 15:00:55.665  INFO [user-service] 12224 --- [           main] f.a.AutowiredAnnotationBeanPostProcessor : JSR-330 'javax.inject.Inject' annotation found and supported for autowiring
2018-12-18 15:00:55.750  INFO [user-service] 12224 --- [           main] trationDelegate$BeanPostProcessorChecker : Bean 'configurationPropertiesRebinderAutoConfiguration' of type [org.springframework.cloud.autoconfigure.ConfigurationPropertiesRebinderAutoConfiguration$$EnhancerBySpringCGLIB$$d137402f] is not eligible for getting processed by all BeanPostProcessors (for example: not eligible for auto-proxying)
2018-12-18 15:00:56.566  INFO [user-service] 12224 --- [           main] c.c.c.ConfigServicePropertySourceLocator : Fetching config from server at: http://localhost:8888
2018-12-18 15:00:57.656  WARN [user-service] 12224 --- [           main] c.c.c.ConfigServicePropertySourceLocator : Could not locate PropertySource: I/O error on GET request for "http://localhost:8888/user-service/default": Connection refused: connect; nested exception is java.net.ConnectException: Connection refused: connect
2018-12-18 15:00:57.660  INFO [user-service] 12224 --- [           main] com.qt.air.cleaner.user.Application      : The following profiles are active: dev
2018-12-18 15:00:57.705  INFO [user-service] 12224 --- [           main] ationConfigEmbeddedWebApplicationContext : Refreshing org.springframework.boot.context.embedded.AnnotationConfigEmbeddedWebApplicationContext@50b8ae8d: startup date [Tue Dec 18 15:00:57 CST 2018]; parent: org.springframework.context.annotation.AnnotationConfigApplicationContext@44a59da3
2018-12-18 15:00:58.882  INFO [user-service] 12224 --- [           main] o.s.cloud.context.scope.GenericScope     : BeanFactory id=f0ee3ce2-0e6e-3feb-8259-85ca2163018c
2018-12-18 15:00:58.911  INFO [user-service] 12224 --- [           main] f.a.AutowiredAnnotationBeanPostProcessor : JSR-330 'javax.inject.Inject' annotation found and supported for autowiring
2018-12-18 15:00:59.119  INFO [user-service] 12224 --- [           main] trationDelegate$BeanPostProcessorChecker : Bean 'org.springframework.transaction.annotation.ProxyTransactionManagementConfiguration' of type [org.springframework.transaction.annotation.ProxyTransactionManagementConfiguration$$EnhancerBySpringCGLIB$$b51d3d32] is not eligible for getting processed by all BeanPostProcessors (for example: not eligible for auto-proxying)
2018-12-18 15:00:59.172  INFO [user-service] 12224 --- [           main] trationDelegate$BeanPostProcessorChecker : Bean 'org.springframework.cloud.autoconfigure.ConfigurationPropertiesRebinderAutoConfiguration' of type [org.springframework.cloud.autoconfigure.ConfigurationPropertiesRebinderAutoConfiguration$$EnhancerBySpringCGLIB$$d137402f] is not eligible for getting processed by all BeanPostProcessors (for example: not eligible for auto-proxying)
2018-12-18 15:00:59.867  INFO [user-service] 12224 --- [           main] s.b.c.e.t.TomcatEmbeddedServletContainer : Tomcat initialized with port(s): 3001 (http)
2018-12-18 15:00:59.878  INFO [user-service] 12224 --- [           main] o.apache.catalina.core.StandardService   : Starting service [Tomcat]
2018-12-18 15:00:59.880  INFO [user-service] 12224 --- [           main] org.apache.catalina.core.StandardEngine  : Starting Servlet Engine: Apache Tomcat/8.5.23
2018-12-18 15:01:00.079  INFO [user-service] 12224 --- [ost-startStop-1] o.a.c.c.C.[Tomcat].[localhost].[/]       : Initializing Spring embedded WebApplicationContext
2018-12-18 15:01:00.079  INFO [user-service] 12224 --- [ost-startStop-1] o.s.web.context.ContextLoader            : Root WebApplicationContext: initialization completed in 2375 ms
2018-12-18 15:01:00.504  INFO [user-service] 12224 --- [ost-startStop-1] o.s.b.w.servlet.ServletRegistrationBean  : Mapping servlet: 'dispatcherServlet' to [/]
2018-12-18 15:01:00.510  INFO [user-service] 12224 --- [ost-startStop-1] o.s.b.w.servlet.FilterRegistrationBean   : Mapping filter: 'metricsFilter' to: [/*]
2018-12-18 15:01:00.510  INFO [user-service] 12224 --- [ost-startStop-1] o.s.b.w.servlet.FilterRegistrationBean   : Mapping filter: 'characterEncodingFilter' to: [/*]
2018-12-18 15:01:00.511  INFO [user-service] 12224 --- [ost-startStop-1] o.s.b.w.servlet.FilterRegistrationBean   : Mapping filter: 'hiddenHttpMethodFilter' to: [/*]
2018-12-18 15:01:00.511  INFO [user-service] 12224 --- [ost-startStop-1] o.s.b.w.servlet.FilterRegistrationBean   : Mapping filter: 'httpPutFormContentFilter' to: [/*]
2018-12-18 15:01:00.511  INFO [user-service] 12224 --- [ost-startStop-1] o.s.b.w.servlet.FilterRegistrationBean   : Mapping filter: 'requestContextFilter' to: [/*]
2018-12-18 15:01:00.511  INFO [user-service] 12224 --- [ost-startStop-1] o.s.b.w.servlet.FilterRegistrationBean   : Mapping filter: 'webRequestLoggingFilter' to: [/*]
2018-12-18 15:01:00.512  INFO [user-service] 12224 --- [ost-startStop-1] o.s.b.w.servlet.FilterRegistrationBean   : Mapping filter: 'applicationContextIdFilter' to: [/*]
2018-12-18 15:01:02.566  INFO [user-service] 12224 --- [           main] j.LocalContainerEntityManagerFactoryBean : Building JPA container EntityManagerFactory for persistence unit 'default'
2018-12-18 15:01:02.638  INFO [user-service] 12224 --- [           main] o.hibernate.jpa.internal.util.LogHelper  : HHH000204: Processing PersistenceUnitInfo [
	name: default
	...]
2018-12-18 15:01:03.283  INFO [user-service] 12224 --- [           main] org.hibernate.Version                    : HHH000412: Hibernate Core {5.0.12.Final}
2018-12-18 15:01:03.287  INFO [user-service] 12224 --- [           main] org.hibernate.cfg.Environment            : HHH000206: hibernate.properties not found
2018-12-18 15:01:03.289  INFO [user-service] 12224 --- [           main] org.hibernate.cfg.Environment            : HHH000021: Bytecode provider name : javassist
2018-12-18 15:01:03.604  INFO [user-service] 12224 --- [           main] o.hibernate.annotations.common.Version   : HCANN000001: Hibernate Commons Annotations {5.0.1.Final}
2018-12-18 15:01:04.096  INFO [user-service] 12224 --- [           main] org.hibernate.dialect.Dialect            : HHH000400: Using dialect: org.hibernate.dialect.Oracle9iDialect
2018-12-18 15:01:04.871  WARN [user-service] 12224 --- [           main] org.hibernate.id.GUIDGenerator           : HHH000065: DEPRECATED : use [org.hibernate.id.UUIDGenerator] instead with custom [org.hibernate.id.UUIDGenerationStrategy] implementation
2018-12-18 15:01:05.829  INFO [user-service] 12224 --- [           main] j.LocalContainerEntityManagerFactoryBean : Initialized JPA EntityManagerFactory for persistence unit 'default'
2018-12-18 15:01:07.464  INFO [user-service] 12224 --- [           main] s.w.s.m.m.a.RequestMappingHandlerAdapter : Looking for @ControllerAdvice: org.springframework.boot.context.embedded.AnnotationConfigEmbeddedWebApplicationContext@50b8ae8d: startup date [Tue Dec 18 15:00:57 CST 2018]; parent: org.springframework.context.annotation.AnnotationConfigApplicationContext@44a59da3
2018-12-18 15:01:07.573  INFO [user-service] 12224 --- [           main] s.w.s.m.m.a.RequestMappingHandlerMapping : Mapped "{[/bound],methods=[POST]}" onto public com.qt.air.cleaner.base.dto.ResultInfo com.qt.air.cleaner.user.service.impl.UserServiceImpl.bound(com.qt.air.cleaner.user.dto.Bound) throws com.qt.air.cleaner.base.exception.BusinessRuntimeException
2018-12-18 15:01:07.574  INFO [user-service] 12224 --- [           main] s.w.s.m.m.a.RequestMappingHandlerMapping : Mapped "{[/query],methods=[POST]}" onto public com.qt.air.cleaner.base.dto.ResultInfo com.qt.air.cleaner.user.service.impl.UserServiceImpl.queryUser(java.util.Map<java.lang.String, java.lang.String>) throws com.qt.air.cleaner.base.exception.BusinessRuntimeException
2018-12-18 15:01:07.575  INFO [user-service] 12224 --- [           main] s.w.s.m.m.a.RequestMappingHandlerMapping : Mapped "{[/updateTradePwd],methods=[POST]}" onto public com.qt.air.cleaner.base.dto.ResultInfo com.qt.air.cleaner.user.service.impl.UserServiceImpl.updateTradePwd(java.util.Map<java.lang.String, java.lang.String>) throws com.qt.air.cleaner.base.exception.BusinessRuntimeException
2018-12-18 15:01:07.576  INFO [user-service] 12224 --- [           main] s.w.s.m.m.a.RequestMappingHandlerMapping : Mapped "{[/updateSelfInfo],methods=[POST]}" onto public com.qt.air.cleaner.base.dto.ResultInfo com.qt.air.cleaner.user.service.impl.UserServiceImpl.updateSelfInfo(com.qt.air.cleaner.user.dto.SelfInfo) throws com.qt.air.cleaner.base.exception.BusinessRuntimeException
2018-12-18 15:01:07.577  INFO [user-service] 12224 --- [           main] s.w.s.m.m.a.RequestMappingHandlerMapping : Mapped "{[/login],methods=[POST]}" onto public com.qt.air.cleaner.base.dto.ResultInfo com.qt.air.cleaner.user.service.impl.UserServiceImpl.loginOrBound(java.util.Map<java.lang.String, java.lang.String>) throws com.qt.air.cleaner.base.exception.BusinessRuntimeException
2018-12-18 15:01:07.577  INFO [user-service] 12224 --- [           main] s.w.s.m.m.a.RequestMappingHandlerMapping : Mapped "{[/updatePhone],methods=[POST]}" onto public com.qt.air.cleaner.base.dto.ResultInfo com.qt.air.cleaner.user.service.impl.UserServiceImpl.updatePhoneNumber(java.util.Map<java.lang.String, java.lang.String>) throws com.qt.air.cleaner.base.exception.BusinessRuntimeException
2018-12-18 15:01:07.580  INFO [user-service] 12224 --- [           main] s.w.s.m.m.a.RequestMappingHandlerMapping : Mapped "{[/error]}" onto public org.springframework.http.ResponseEntity<java.util.Map<java.lang.String, java.lang.Object>> org.springframework.boot.autoconfigure.web.BasicErrorController.error(javax.servlet.http.HttpServletRequest)
2018-12-18 15:01:07.580  INFO [user-service] 12224 --- [           main] s.w.s.m.m.a.RequestMappingHandlerMapping : Mapped "{[/error],produces=[text/html]}" onto public org.springframework.web.servlet.ModelAndView org.springframework.boot.autoconfigure.web.BasicErrorController.errorHtml(javax.servlet.http.HttpServletRequest,javax.servlet.http.HttpServletResponse)
2018-12-18 15:01:07.624  INFO [user-service] 12224 --- [           main] o.s.w.s.handler.SimpleUrlHandlerMapping  : Mapped URL path [/webjars/**] onto handler of type [class org.springframework.web.servlet.resource.ResourceHttpRequestHandler]
2018-12-18 15:01:07.625  INFO [user-service] 12224 --- [           main] o.s.w.s.handler.SimpleUrlHandlerMapping  : Mapped URL path [/**] onto handler of type [class org.springframework.web.servlet.resource.ResourceHttpRequestHandler]
2018-12-18 15:01:07.682  INFO [user-service] 12224 --- [           main] o.s.w.s.handler.SimpleUrlHandlerMapping  : Mapped URL path [/**/favicon.ico] onto handler of type [class org.springframework.web.servlet.resource.ResourceHttpRequestHandler]
2018-12-18 15:01:08.508  INFO [user-service] 12224 --- [           main] o.s.b.a.e.mvc.EndpointHandlerMapping     : Mapped "{[/env/{name:.*}],methods=[GET],produces=[application/vnd.spring-boot.actuator.v1+json || application/json]}" onto public java.lang.Object org.springframework.boot.actuate.endpoint.mvc.EnvironmentMvcEndpoint.value(java.lang.String)
2018-12-18 15:01:08.509  INFO [user-service] 12224 --- [           main] o.s.b.a.e.mvc.EndpointHandlerMapping     : Mapped "{[/env || /env.json],methods=[GET],produces=[application/vnd.spring-boot.actuator.v1+json || application/json]}" onto public java.lang.Object org.springframework.boot.actuate.endpoint.mvc.EndpointMvcAdapter.invoke()
2018-12-18 15:01:08.510  INFO [user-service] 12224 --- [           main] o.s.b.a.e.mvc.EndpointHandlerMapping     : Mapped "{[/heapdump || /heapdump.json],methods=[GET],produces=[application/octet-stream]}" onto public void org.springframework.boot.actuate.endpoint.mvc.HeapdumpMvcEndpoint.invoke(boolean,javax.servlet.http.HttpServletRequest,javax.servlet.http.HttpServletResponse) throws java.io.IOException,javax.servlet.ServletException
2018-12-18 15:01:08.511  INFO [user-service] 12224 --- [           main] o.s.b.a.e.mvc.EndpointHandlerMapping     : Mapped "{[/resume || /resume.json],methods=[POST]}" onto public java.lang.Object org.springframework.cloud.endpoint.GenericPostableMvcEndpoint.invoke()
2018-12-18 15:01:08.512  INFO [user-service] 12224 --- [           main] o.s.b.a.e.mvc.EndpointHandlerMapping     : Mapped "{[/trace || /trace.json],methods=[GET],produces=[application/vnd.spring-boot.actuator.v1+json || application/json]}" onto public java.lang.Object org.springframework.boot.actuate.endpoint.mvc.EndpointMvcAdapter.invoke()
2018-12-18 15:01:08.513  INFO [user-service] 12224 --- [           main] o.s.b.a.e.mvc.EndpointHandlerMapping     : Mapped "{[/mappings || /mappings.json],methods=[GET],produces=[application/vnd.spring-boot.actuator.v1+json || application/json]}" onto public java.lang.Object org.springframework.boot.actuate.endpoint.mvc.EndpointMvcAdapter.invoke()
2018-12-18 15:01:08.514  INFO [user-service] 12224 --- [           main] o.s.b.a.e.mvc.EndpointHandlerMapping     : Mapped "{[/env],methods=[POST]}" onto public java.lang.Object org.springframework.cloud.context.environment.EnvironmentManagerMvcEndpoint.value(java.util.Map<java.lang.String, java.lang.String>)
2018-12-18 15:01:08.514  INFO [user-service] 12224 --- [           main] o.s.b.a.e.mvc.EndpointHandlerMapping     : Mapped "{[/env/reset],methods=[POST]}" onto public java.util.Map<java.lang.String, java.lang.Object> org.springframework.cloud.context.environment.EnvironmentManagerMvcEndpoint.reset()
2018-12-18 15:01:08.515  INFO [user-service] 12224 --- [           main] o.s.b.a.e.mvc.EndpointHandlerMapping     : Mapped "{[/configprops || /configprops.json],methods=[GET],produces=[application/vnd.spring-boot.actuator.v1+json || application/json]}" onto public java.lang.Object org.springframework.boot.actuate.endpoint.mvc.EndpointMvcAdapter.invoke()
2018-12-18 15:01:08.516  INFO [user-service] 12224 --- [           main] o.s.b.a.e.mvc.EndpointHandlerMapping     : Mapped "{[/auditevents || /auditevents.json],methods=[GET],produces=[application/vnd.spring-boot.actuator.v1+json || application/json]}" onto public org.springframework.http.ResponseEntity<?> org.springframework.boot.actuate.endpoint.mvc.AuditEventsMvcEndpoint.findByPrincipalAndAfterAndType(java.lang.String,java.util.Date,java.lang.String)
2018-12-18 15:01:08.517  INFO [user-service] 12224 --- [           main] o.s.b.a.e.mvc.EndpointHandlerMapping     : Mapped "{[/health || /health.json],methods=[GET],produces=[application/vnd.spring-boot.actuator.v1+json || application/json]}" onto public java.lang.Object org.springframework.boot.actuate.endpoint.mvc.HealthMvcEndpoint.invoke(javax.servlet.http.HttpServletRequest,java.security.Principal)
2018-12-18 15:01:08.518  INFO [user-service] 12224 --- [           main] o.s.b.a.e.mvc.EndpointHandlerMapping     : Mapped "{[/restart || /restart.json],methods=[POST]}" onto public java.lang.Object org.springframework.cloud.context.restart.RestartMvcEndpoint.invoke()
2018-12-18 15:01:08.519  INFO [user-service] 12224 --- [           main] o.s.b.a.e.mvc.EndpointHandlerMapping     : Mapped "{[/features || /features.json],methods=[GET],produces=[application/vnd.spring-boot.actuator.v1+json || application/json]}" onto public java.lang.Object org.springframework.boot.actuate.endpoint.mvc.EndpointMvcAdapter.invoke()
2018-12-18 15:01:08.520  INFO [user-service] 12224 --- [           main] o.s.b.a.e.mvc.EndpointHandlerMapping     : Mapped "{[/info || /info.json],methods=[GET],produces=[application/vnd.spring-boot.actuator.v1+json || application/json]}" onto public java.lang.Object org.springframework.boot.actuate.endpoint.mvc.EndpointMvcAdapter.invoke()
2018-12-18 15:01:08.521  INFO [user-service] 12224 --- [           main] o.s.b.a.e.mvc.EndpointHandlerMapping     : Mapped "{[/dump || /dump.json],methods=[GET],produces=[application/vnd.spring-boot.actuator.v1+json || application/json]}" onto public java.lang.Object org.springframework.boot.actuate.endpoint.mvc.EndpointMvcAdapter.invoke()
2018-12-18 15:01:08.522  INFO [user-service] 12224 --- [           main] o.s.b.a.e.mvc.EndpointHandlerMapping     : Mapped "{[/autoconfig || /autoconfig.json],methods=[GET],produces=[application/vnd.spring-boot.actuator.v1+json || application/json]}" onto public java.lang.Object org.springframework.boot.actuate.endpoint.mvc.EndpointMvcAdapter.invoke()
2018-12-18 15:01:08.524  INFO [user-service] 12224 --- [           main] o.s.b.a.e.mvc.EndpointHandlerMapping     : Mapped "{[/metrics/{name:.*}],methods=[GET],produces=[application/vnd.spring-boot.actuator.v1+json || application/json]}" onto public java.lang.Object org.springframework.boot.actuate.endpoint.mvc.MetricsMvcEndpoint.value(java.lang.String)
2018-12-18 15:01:08.524  INFO [user-service] 12224 --- [           main] o.s.b.a.e.mvc.EndpointHandlerMapping     : Mapped "{[/metrics || /metrics.json],methods=[GET],produces=[application/vnd.spring-boot.actuator.v1+json || application/json]}" onto public java.lang.Object org.springframework.boot.actuate.endpoint.mvc.EndpointMvcAdapter.invoke()
2018-12-18 15:01:08.525  INFO [user-service] 12224 --- [           main] o.s.b.a.e.mvc.EndpointHandlerMapping     : Mapped "{[/refresh || /refresh.json],methods=[POST]}" onto public java.lang.Object org.springframework.cloud.endpoint.GenericPostableMvcEndpoint.invoke()
2018-12-18 15:01:08.527  INFO [user-service] 12224 --- [           main] o.s.b.a.e.mvc.EndpointHandlerMapping     : Mapped "{[/loggers/{name:.*}],methods=[GET],produces=[application/vnd.spring-boot.actuator.v1+json || application/json]}" onto public java.lang.Object org.springframework.boot.actuate.endpoint.mvc.LoggersMvcEndpoint.get(java.lang.String)
2018-12-18 15:01:08.528  INFO [user-service] 12224 --- [           main] o.s.b.a.e.mvc.EndpointHandlerMapping     : Mapped "{[/loggers/{name:.*}],methods=[POST],consumes=[application/vnd.spring-boot.actuator.v1+json || application/json],produces=[application/vnd.spring-boot.actuator.v1+json || application/json]}" onto public java.lang.Object org.springframework.boot.actuate.endpoint.mvc.LoggersMvcEndpoint.set(java.lang.String,java.util.Map<java.lang.String, java.lang.String>)
2018-12-18 15:01:08.528  INFO [user-service] 12224 --- [           main] o.s.b.a.e.mvc.EndpointHandlerMapping     : Mapped "{[/loggers || /loggers.json],methods=[GET],produces=[application/vnd.spring-boot.actuator.v1+json || application/json]}" onto public java.lang.Object org.springframework.boot.actuate.endpoint.mvc.EndpointMvcAdapter.invoke()
2018-12-18 15:01:08.529  INFO [user-service] 12224 --- [           main] o.s.b.a.e.mvc.EndpointHandlerMapping     : Mapped "{[/beans || /beans.json],methods=[GET],produces=[application/vnd.spring-boot.actuator.v1+json || application/json]}" onto public java.lang.Object org.springframework.boot.actuate.endpoint.mvc.EndpointMvcAdapter.invoke()
2018-12-18 15:01:08.530  INFO [user-service] 12224 --- [           main] o.s.b.a.e.mvc.EndpointHandlerMapping     : Mapped "{[/archaius || /archaius.json],methods=[GET],produces=[application/vnd.spring-boot.actuator.v1+json || application/json]}" onto public java.lang.Object org.springframework.boot.actuate.endpoint.mvc.EndpointMvcAdapter.invoke()
2018-12-18 15:01:08.533  INFO [user-service] 12224 --- [           main] o.s.b.a.e.mvc.EndpointHandlerMapping     : Mapped "{[/pause || /pause.json],methods=[POST]}" onto public java.lang.Object org.springframework.cloud.endpoint.GenericPostableMvcEndpoint.invoke()
2018-12-18 15:01:08.852  WARN [user-service] 12224 --- [           main] c.n.c.sources.URLConfigurationSource     : No URLs will be polled as dynamic configuration sources.
2018-12-18 15:01:08.852  INFO [user-service] 12224 --- [           main] c.n.c.sources.URLConfigurationSource     : To enable URLs as dynamic configuration sources, define System property archaius.configurationSource.additionalUrls or make config.properties available on classpath.
2018-12-18 15:01:08.856  WARN [user-service] 12224 --- [           main] c.n.c.sources.URLConfigurationSource     : No URLs will be polled as dynamic configuration sources.
2018-12-18 15:01:08.857  INFO [user-service] 12224 --- [           main] c.n.c.sources.URLConfigurationSource     : To enable URLs as dynamic configuration sources, define System property archaius.configurationSource.additionalUrls or make config.properties available on classpath.
2018-12-18 15:01:09.011  INFO [user-service] 12224 --- [           main] o.s.j.e.a.AnnotationMBeanExporter        : Registering beans for JMX exposure on startup
2018-12-18 15:01:09.025  INFO [user-service] 12224 --- [           main] o.s.j.e.a.AnnotationMBeanExporter        : Bean with name 'environmentManager' has been autodetected for JMX exposure
2018-12-18 15:01:09.029  INFO [user-service] 12224 --- [           main] o.s.j.e.a.AnnotationMBeanExporter        : Bean with name 'configurationPropertiesRebinder' has been autodetected for JMX exposure
2018-12-18 15:01:09.030  INFO [user-service] 12224 --- [           main] o.s.j.e.a.AnnotationMBeanExporter        : Bean with name 'refreshEndpoint' has been autodetected for JMX exposure
2018-12-18 15:01:09.030  INFO [user-service] 12224 --- [           main] o.s.j.e.a.AnnotationMBeanExporter        : Bean with name 'restartEndpoint' has been autodetected for JMX exposure
2018-12-18 15:01:09.031  INFO [user-service] 12224 --- [           main] o.s.j.e.a.AnnotationMBeanExporter        : Bean with name 'refreshScope' has been autodetected for JMX exposure
2018-12-18 15:01:09.035  INFO [user-service] 12224 --- [           main] o.s.j.e.a.AnnotationMBeanExporter        : Located managed bean 'environmentManager': registering with JMX server as MBean [org.springframework.cloud.context.environment:name=environmentManager,type=EnvironmentManager]
2018-12-18 15:01:09.109  INFO [user-service] 12224 --- [           main] o.s.j.e.a.AnnotationMBeanExporter        : Located managed bean 'restartEndpoint': registering with JMX server as MBean [org.springframework.cloud.context.restart:name=restartEndpoint,type=RestartEndpoint]
2018-12-18 15:01:09.121  INFO [user-service] 12224 --- [           main] o.s.j.e.a.AnnotationMBeanExporter        : Located managed bean 'refreshScope': registering with JMX server as MBean [org.springframework.cloud.context.scope.refresh:name=refreshScope,type=RefreshScope]
2018-12-18 15:01:09.134  INFO [user-service] 12224 --- [           main] o.s.j.e.a.AnnotationMBeanExporter        : Located managed bean 'configurationPropertiesRebinder': registering with JMX server as MBean [org.springframework.cloud.context.properties:name=configurationPropertiesRebinder,context=50b8ae8d,type=ConfigurationPropertiesRebinder]
2018-12-18 15:01:09.141  INFO [user-service] 12224 --- [           main] o.s.j.e.a.AnnotationMBeanExporter        : Located managed bean 'refreshEndpoint': registering with JMX server as MBean [org.springframework.cloud.endpoint:name=refreshEndpoint,type=RefreshEndpoint]
2018-12-18 15:01:09.409  INFO [user-service] 12224 --- [           main] o.s.c.support.DefaultLifecycleProcessor  : Starting beans in phase 0
2018-12-18 15:01:09.417  INFO [user-service] 12224 --- [           main] o.s.c.n.eureka.InstanceInfoFactory       : Setting initial instance status as: STARTING
2018-12-18 15:01:09.927  INFO [user-service] 12224 --- [           main] c.n.d.provider.DiscoveryJerseyProvider   : Using JSON encoding codec LegacyJacksonJson
2018-12-18 15:01:09.927  INFO [user-service] 12224 --- [           main] c.n.d.provider.DiscoveryJerseyProvider   : Using JSON decoding codec LegacyJacksonJson
2018-12-18 15:01:10.122  INFO [user-service] 12224 --- [           main] c.n.d.provider.DiscoveryJerseyProvider   : Using XML encoding codec XStreamXml
2018-12-18 15:01:10.123  INFO [user-service] 12224 --- [           main] c.n.d.provider.DiscoveryJerseyProvider   : Using XML decoding codec XStreamXml
2018-12-18 15:01:10.540  INFO [user-service] 12224 --- [           main] c.n.d.s.r.aws.ConfigClusterResolver      : Resolving eureka endpoints via configuration
2018-12-18 15:01:10.747  INFO [user-service] 12224 --- [           main] com.netflix.discovery.DiscoveryClient    : Disable delta property : false
2018-12-18 15:01:10.747  INFO [user-service] 12224 --- [           main] com.netflix.discovery.DiscoveryClient    : Single vip registry refresh property : null
2018-12-18 15:01:10.747  INFO [user-service] 12224 --- [           main] com.netflix.discovery.DiscoveryClient    : Force full registry fetch : false
2018-12-18 15:01:10.747  INFO [user-service] 12224 --- [           main] com.netflix.discovery.DiscoveryClient    : Application is null : false
2018-12-18 15:01:10.748  INFO [user-service] 12224 --- [           main] com.netflix.discovery.DiscoveryClient    : Registered Applications size is zero : true
2018-12-18 15:01:10.748  INFO [user-service] 12224 --- [           main] com.netflix.discovery.DiscoveryClient    : Application version is -1: true
2018-12-18 15:01:10.748  INFO [user-service] 12224 --- [           main] com.netflix.discovery.DiscoveryClient    : Getting all instance registry info from the eureka server
2018-12-18 15:01:11.088  INFO [user-service] 12224 --- [           main] com.netflix.discovery.DiscoveryClient    : The response status is 200
2018-12-18 15:01:11.090  INFO [user-service] 12224 --- [           main] com.netflix.discovery.DiscoveryClient    : Starting heartbeat executor: renew interval is: 30
2018-12-18 15:01:11.092  INFO [user-service] 12224 --- [           main] c.n.discovery.InstanceInfoReplicator     : InstanceInfoReplicator onDemand update allowed rate per min is 4
2018-12-18 15:01:11.096  INFO [user-service] 12224 --- [           main] com.netflix.discovery.DiscoveryClient    : Discovery Client initialized at timestamp 1545116471096 with initial instances count: 5
2018-12-18 15:01:11.119  INFO [user-service] 12224 --- [           main] c.n.e.EurekaDiscoveryClientConfiguration : Registering application user-service with eureka with status UP
2018-12-18 15:01:11.120  INFO [user-service] 12224 --- [           main] com.netflix.discovery.DiscoveryClient    : Saw local status change event StatusChangeEvent [timestamp=1545116471120, current=UP, previous=STARTING]
2018-12-18 15:01:11.122  INFO [user-service] 12224 --- [nfoReplicator-0] com.netflix.discovery.DiscoveryClient    : DiscoveryClient_USER-SERVICE/SC-201701131050:user-service:3001: registering service...
2018-12-18 15:01:11.253  INFO [user-service] 12224 --- [nfoReplicator-0] com.netflix.discovery.DiscoveryClient    : DiscoveryClient_USER-SERVICE/SC-201701131050:user-service:3001 - registration status: 204
2018-12-18 15:01:11.269  INFO [user-service] 12224 --- [           main] s.b.c.e.t.TomcatEmbeddedServletContainer : Tomcat started on port(s): 3001 (http)
2018-12-18 15:01:11.270  INFO [user-service] 12224 --- [           main] c.n.e.EurekaDiscoveryClientConfiguration : Updating port to 3001
2018-12-18 15:01:11.275  INFO [user-service] 12224 --- [           main] com.qt.air.cleaner.user.Application      : Started Application in 16.887 seconds (JVM running for 19.034)
2018-12-18 15:05:43.343  INFO [user-service] 12224 --- [on(2)-127.0.0.1] inMXBeanRegistrar$SpringApplicationAdmin : Application shutdown requested.
2018-12-18 15:05:43.343  INFO [user-service] 12224 --- [on(2)-127.0.0.1] ationConfigEmbeddedWebApplicationContext : Closing org.springframework.boot.context.embedded.AnnotationConfigEmbeddedWebApplicationContext@50b8ae8d: startup date [Tue Dec 18 15:00:57 CST 2018]; parent: org.springframework.context.annotation.AnnotationConfigApplicationContext@44a59da3
2018-12-18 15:05:43.344  INFO [user-service] 12224 --- [on(2)-127.0.0.1] c.n.e.EurekaDiscoveryClientConfiguration : Unregistering application user-service with eureka with status DOWN
2018-12-18 15:05:43.345  WARN [user-service] 12224 --- [on(2)-127.0.0.1] com.netflix.discovery.DiscoveryClient    : Saw local status change event StatusChangeEvent [timestamp=1545116743345, current=DOWN, previous=UP]
2018-12-18 15:05:43.345  INFO [user-service] 12224 --- [nfoReplicator-0] com.netflix.discovery.DiscoveryClient    : DiscoveryClient_USER-SERVICE/SC-201701131050:user-service:3001: registering service...
2018-12-18 15:05:43.345  INFO [user-service] 12224 --- [on(2)-127.0.0.1] com.netflix.discovery.DiscoveryClient    : Shutting down DiscoveryClient ...
2018-12-18 15:05:43.345  INFO [user-service] 12224 --- [on(2)-127.0.0.1] com.netflix.discovery.DiscoveryClient    : Unregistering ...
2018-12-18 15:05:43.364  INFO [user-service] 12224 --- [on(2)-127.0.0.1] com.netflix.discovery.DiscoveryClient    : DiscoveryClient_USER-SERVICE/SC-201701131050:user-service:3001 - deregister  status: 200
2018-12-18 15:05:43.364  INFO [user-service] 12224 --- [nfoReplicator-0] com.netflix.discovery.DiscoveryClient    : DiscoveryClient_USER-SERVICE/SC-201701131050:user-service:3001 - registration status: 204
2018-12-18 15:05:43.370  INFO [user-service] 12224 --- [on(2)-127.0.0.1] com.netflix.discovery.DiscoveryClient    : Completed shut down of DiscoveryClient
2018-12-18 15:05:43.373  INFO [user-service] 12224 --- [on(2)-127.0.0.1] o.s.c.support.DefaultLifecycleProcessor  : Stopping beans in phase 0
2018-12-18 15:05:43.378  INFO [user-service] 12224 --- [on(2)-127.0.0.1] o.s.j.e.a.AnnotationMBeanExporter        : Unregistering JMX-exposed beans on shutdown
2018-12-18 15:05:43.379  INFO [user-service] 12224 --- [on(2)-127.0.0.1] o.s.j.e.a.AnnotationMBeanExporter        : Unregistering JMX-exposed beans
2018-12-18 15:05:43.383  INFO [user-service] 12224 --- [on(2)-127.0.0.1] j.LocalContainerEntityManagerFactoryBean : Closing JPA EntityManagerFactory for persistence unit 'default'
2018-12-18 15:05:43.732  INFO [user-service] 12224 --- [on(2)-127.0.0.1] o.apache.catalina.core.StandardService   : Stopping service [Tomcat]
2018-12-18 15:05:54.763  INFO [user-service] 7276 --- [           main] s.c.a.AnnotationConfigApplicationContext : Refreshing org.springframework.context.annotation.AnnotationConfigApplicationContext@1e886a5b: startup date [Tue Dec 18 15:05:54 CST 2018]; root of context hierarchy
2018-12-18 15:05:55.103  INFO [user-service] 7276 --- [           main] f.a.AutowiredAnnotationBeanPostProcessor : JSR-330 'javax.inject.Inject' annotation found and supported for autowiring
2018-12-18 15:05:55.193  INFO [user-service] 7276 --- [           main] trationDelegate$BeanPostProcessorChecker : Bean 'configurationPropertiesRebinderAutoConfiguration' of type [org.springframework.cloud.autoconfigure.ConfigurationPropertiesRebinderAutoConfiguration$$EnhancerBySpringCGLIB$$a156bfce] is not eligible for getting processed by all BeanPostProcessors (for example: not eligible for auto-proxying)
2018-12-18 15:05:56.062  INFO [user-service] 7276 --- [           main] c.c.c.ConfigServicePropertySourceLocator : Fetching config from server at: http://localhost:8888
2018-12-18 15:05:57.179  WARN [user-service] 7276 --- [           main] c.c.c.ConfigServicePropertySourceLocator : Could not locate PropertySource: I/O error on GET request for "http://localhost:8888/user-service/default": Connection refused: connect; nested exception is java.net.ConnectException: Connection refused: connect
2018-12-18 15:05:57.182  INFO [user-service] 7276 --- [           main] com.qt.air.cleaner.user.Application      : The following profiles are active: dev
2018-12-18 15:05:57.215  INFO [user-service] 7276 --- [           main] ationConfigEmbeddedWebApplicationContext : Refreshing org.springframework.boot.context.embedded.AnnotationConfigEmbeddedWebApplicationContext@1dd7796b: startup date [Tue Dec 18 15:05:57 CST 2018]; parent: org.springframework.context.annotation.AnnotationConfigApplicationContext@1e886a5b
2018-12-18 15:05:58.810  INFO [user-service] 7276 --- [           main] o.s.cloud.context.scope.GenericScope     : BeanFactory id=f0ee3ce2-0e6e-3feb-8259-85ca2163018c
2018-12-18 15:05:58.847  INFO [user-service] 7276 --- [           main] f.a.AutowiredAnnotationBeanPostProcessor : JSR-330 'javax.inject.Inject' annotation found and supported for autowiring
2018-12-18 15:05:59.083  INFO [user-service] 7276 --- [           main] trationDelegate$BeanPostProcessorChecker : Bean 'org.springframework.transaction.annotation.ProxyTransactionManagementConfiguration' of type [org.springframework.transaction.annotation.ProxyTransactionManagementConfiguration$$EnhancerBySpringCGLIB$$853cbcd1] is not eligible for getting processed by all BeanPostProcessors (for example: not eligible for auto-proxying)
2018-12-18 15:05:59.149  INFO [user-service] 7276 --- [           main] trationDelegate$BeanPostProcessorChecker : Bean 'org.springframework.cloud.autoconfigure.ConfigurationPropertiesRebinderAutoConfiguration' of type [org.springframework.cloud.autoconfigure.ConfigurationPropertiesRebinderAutoConfiguration$$EnhancerBySpringCGLIB$$a156bfce] is not eligible for getting processed by all BeanPostProcessors (for example: not eligible for auto-proxying)
2018-12-18 15:05:59.561  INFO [user-service] 7276 --- [           main] s.b.c.e.t.TomcatEmbeddedServletContainer : Tomcat initialized with port(s): 3001 (http)
2018-12-18 15:05:59.572  INFO [user-service] 7276 --- [           main] o.apache.catalina.core.StandardService   : Starting service [Tomcat]
2018-12-18 15:05:59.573  INFO [user-service] 7276 --- [           main] org.apache.catalina.core.StandardEngine  : Starting Servlet Engine: Apache Tomcat/8.5.23
2018-12-18 15:05:59.793  INFO [user-service] 7276 --- [ost-startStop-1] o.a.c.c.C.[Tomcat].[localhost].[/]       : Initializing Spring embedded WebApplicationContext
2018-12-18 15:05:59.794  INFO [user-service] 7276 --- [ost-startStop-1] o.s.web.context.ContextLoader            : Root WebApplicationContext: initialization completed in 2579 ms
2018-12-18 15:06:00.315  INFO [user-service] 7276 --- [ost-startStop-1] o.s.b.w.servlet.ServletRegistrationBean  : Mapping servlet: 'dispatcherServlet' to [/]
2018-12-18 15:06:00.323  INFO [user-service] 7276 --- [ost-startStop-1] o.s.b.w.servlet.FilterRegistrationBean   : Mapping filter: 'metricsFilter' to: [/*]
2018-12-18 15:06:00.324  INFO [user-service] 7276 --- [ost-startStop-1] o.s.b.w.servlet.FilterRegistrationBean   : Mapping filter: 'characterEncodingFilter' to: [/*]
2018-12-18 15:06:00.324  INFO [user-service] 7276 --- [ost-startStop-1] o.s.b.w.servlet.FilterRegistrationBean   : Mapping filter: 'hiddenHttpMethodFilter' to: [/*]
2018-12-18 15:06:00.324  INFO [user-service] 7276 --- [ost-startStop-1] o.s.b.w.servlet.FilterRegistrationBean   : Mapping filter: 'httpPutFormContentFilter' to: [/*]
2018-12-18 15:06:00.325  INFO [user-service] 7276 --- [ost-startStop-1] o.s.b.w.servlet.FilterRegistrationBean   : Mapping filter: 'requestContextFilter' to: [/*]
2018-12-18 15:06:00.325  INFO [user-service] 7276 --- [ost-startStop-1] o.s.b.w.servlet.FilterRegistrationBean   : Mapping filter: 'webRequestLoggingFilter' to: [/*]
2018-12-18 15:06:00.325  INFO [user-service] 7276 --- [ost-startStop-1] o.s.b.w.servlet.FilterRegistrationBean   : Mapping filter: 'applicationContextIdFilter' to: [/*]
2018-12-18 15:06:01.870  INFO [user-service] 7276 --- [           main] j.LocalContainerEntityManagerFactoryBean : Building JPA container EntityManagerFactory for persistence unit 'default'
2018-12-18 15:06:01.900  INFO [user-service] 7276 --- [           main] o.hibernate.jpa.internal.util.LogHelper  : HHH000204: Processing PersistenceUnitInfo [
	name: default
	...]
2018-12-18 15:06:02.370  INFO [user-service] 7276 --- [           main] org.hibernate.Version                    : HHH000412: Hibernate Core {5.0.12.Final}
2018-12-18 15:06:02.373  INFO [user-service] 7276 --- [           main] org.hibernate.cfg.Environment            : HHH000206: hibernate.properties not found
2018-12-18 15:06:02.375  INFO [user-service] 7276 --- [           main] org.hibernate.cfg.Environment            : HHH000021: Bytecode provider name : javassist
2018-12-18 15:06:02.552  INFO [user-service] 7276 --- [           main] o.hibernate.annotations.common.Version   : HCANN000001: Hibernate Commons Annotations {5.0.1.Final}
2018-12-18 15:06:02.893  INFO [user-service] 7276 --- [           main] org.hibernate.dialect.Dialect            : HHH000400: Using dialect: org.hibernate.dialect.Oracle9iDialect
2018-12-18 15:06:03.575  WARN [user-service] 7276 --- [           main] org.hibernate.id.GUIDGenerator           : HHH000065: DEPRECATED : use [org.hibernate.id.UUIDGenerator] instead with custom [org.hibernate.id.UUIDGenerationStrategy] implementation
2018-12-18 15:06:04.364  INFO [user-service] 7276 --- [           main] j.LocalContainerEntityManagerFactoryBean : Initialized JPA EntityManagerFactory for persistence unit 'default'
2018-12-18 15:06:06.686  INFO [user-service] 7276 --- [           main] s.w.s.m.m.a.RequestMappingHandlerAdapter : Looking for @ControllerAdvice: org.springframework.boot.context.embedded.AnnotationConfigEmbeddedWebApplicationContext@1dd7796b: startup date [Tue Dec 18 15:05:57 CST 2018]; parent: org.springframework.context.annotation.AnnotationConfigApplicationContext@1e886a5b
2018-12-18 15:06:06.840  INFO [user-service] 7276 --- [           main] s.w.s.m.m.a.RequestMappingHandlerMapping : Mapped "{[/bound],methods=[POST]}" onto public com.qt.air.cleaner.base.dto.ResultInfo com.qt.air.cleaner.user.service.impl.UserServiceImpl.bound(com.qt.air.cleaner.user.dto.Bound) throws com.qt.air.cleaner.base.exception.BusinessRuntimeException
2018-12-18 15:06:06.842  INFO [user-service] 7276 --- [           main] s.w.s.m.m.a.RequestMappingHandlerMapping : Mapped "{[/query],methods=[POST]}" onto public com.qt.air.cleaner.base.dto.ResultInfo com.qt.air.cleaner.user.service.impl.UserServiceImpl.queryUser(java.util.Map<java.lang.String, java.lang.String>) throws com.qt.air.cleaner.base.exception.BusinessRuntimeException
2018-12-18 15:06:06.843  INFO [user-service] 7276 --- [           main] s.w.s.m.m.a.RequestMappingHandlerMapping : Mapped "{[/login],methods=[POST]}" onto public com.qt.air.cleaner.base.dto.ResultInfo com.qt.air.cleaner.user.service.impl.UserServiceImpl.loginOrBound(java.util.Map<java.lang.String, java.lang.String>) throws com.qt.air.cleaner.base.exception.BusinessRuntimeException
2018-12-18 15:06:06.843  INFO [user-service] 7276 --- [           main] s.w.s.m.m.a.RequestMappingHandlerMapping : Mapped "{[/updateTradePwd],methods=[POST]}" onto public com.qt.air.cleaner.base.dto.ResultInfo com.qt.air.cleaner.user.service.impl.UserServiceImpl.updateTradePwd(java.util.Map<java.lang.String, java.lang.String>) throws com.qt.air.cleaner.base.exception.BusinessRuntimeException
2018-12-18 15:06:06.844  INFO [user-service] 7276 --- [           main] s.w.s.m.m.a.RequestMappingHandlerMapping : Mapped "{[/updateSelfInfo],methods=[POST]}" onto public com.qt.air.cleaner.base.dto.ResultInfo com.qt.air.cleaner.user.service.impl.UserServiceImpl.updateSelfInfo(com.qt.air.cleaner.user.dto.SelfInfo) throws com.qt.air.cleaner.base.exception.BusinessRuntimeException
2018-12-18 15:06:06.844  INFO [user-service] 7276 --- [           main] s.w.s.m.m.a.RequestMappingHandlerMapping : Mapped "{[/updatePhone],methods=[POST]}" onto public com.qt.air.cleaner.base.dto.ResultInfo com.qt.air.cleaner.user.service.impl.UserServiceImpl.updatePhoneNumber(java.util.Map<java.lang.String, java.lang.String>) throws com.qt.air.cleaner.base.exception.BusinessRuntimeException
2018-12-18 15:06:06.847  INFO [user-service] 7276 --- [           main] s.w.s.m.m.a.RequestMappingHandlerMapping : Mapped "{[/error]}" onto public org.springframework.http.ResponseEntity<java.util.Map<java.lang.String, java.lang.Object>> org.springframework.boot.autoconfigure.web.BasicErrorController.error(javax.servlet.http.HttpServletRequest)
2018-12-18 15:06:06.847  INFO [user-service] 7276 --- [           main] s.w.s.m.m.a.RequestMappingHandlerMapping : Mapped "{[/error],produces=[text/html]}" onto public org.springframework.web.servlet.ModelAndView org.springframework.boot.autoconfigure.web.BasicErrorController.errorHtml(javax.servlet.http.HttpServletRequest,javax.servlet.http.HttpServletResponse)
2018-12-18 15:06:06.916  INFO [user-service] 7276 --- [           main] o.s.w.s.handler.SimpleUrlHandlerMapping  : Mapped URL path [/webjars/**] onto handler of type [class org.springframework.web.servlet.resource.ResourceHttpRequestHandler]
2018-12-18 15:06:06.917  INFO [user-service] 7276 --- [           main] o.s.w.s.handler.SimpleUrlHandlerMapping  : Mapped URL path [/**] onto handler of type [class org.springframework.web.servlet.resource.ResourceHttpRequestHandler]
2018-12-18 15:06:07.007  INFO [user-service] 7276 --- [           main] o.s.w.s.handler.SimpleUrlHandlerMapping  : Mapped URL path [/**/favicon.ico] onto handler of type [class org.springframework.web.servlet.resource.ResourceHttpRequestHandler]
2018-12-18 15:06:08.248  INFO [user-service] 7276 --- [           main] o.s.b.a.e.mvc.EndpointHandlerMapping     : Mapped "{[/auditevents || /auditevents.json],methods=[GET],produces=[application/vnd.spring-boot.actuator.v1+json || application/json]}" onto public org.springframework.http.ResponseEntity<?> org.springframework.boot.actuate.endpoint.mvc.AuditEventsMvcEndpoint.findByPrincipalAndAfterAndType(java.lang.String,java.util.Date,java.lang.String)
2018-12-18 15:06:08.251  INFO [user-service] 7276 --- [           main] o.s.b.a.e.mvc.EndpointHandlerMapping     : Mapped "{[/resume || /resume.json],methods=[POST]}" onto public java.lang.Object org.springframework.cloud.endpoint.GenericPostableMvcEndpoint.invoke()
2018-12-18 15:06:08.254  INFO [user-service] 7276 --- [           main] o.s.b.a.e.mvc.EndpointHandlerMapping     : Mapped "{[/configprops || /configprops.json],methods=[GET],produces=[application/vnd.spring-boot.actuator.v1+json || application/json]}" onto public java.lang.Object org.springframework.boot.actuate.endpoint.mvc.EndpointMvcAdapter.invoke()
2018-12-18 15:06:08.257  INFO [user-service] 7276 --- [           main] o.s.b.a.e.mvc.EndpointHandlerMapping     : Mapped "{[/env/{name:.*}],methods=[GET],produces=[application/vnd.spring-boot.actuator.v1+json || application/json]}" onto public java.lang.Object org.springframework.boot.actuate.endpoint.mvc.EnvironmentMvcEndpoint.value(java.lang.String)
2018-12-18 15:06:08.259  INFO [user-service] 7276 --- [           main] o.s.b.a.e.mvc.EndpointHandlerMapping     : Mapped "{[/env || /env.json],methods=[GET],produces=[application/vnd.spring-boot.actuator.v1+json || application/json]}" onto public java.lang.Object org.springframework.boot.actuate.endpoint.mvc.EndpointMvcAdapter.invoke()
2018-12-18 15:06:08.261  INFO [user-service] 7276 --- [           main] o.s.b.a.e.mvc.EndpointHandlerMapping     : Mapped "{[/env],methods=[POST]}" onto public java.lang.Object org.springframework.cloud.context.environment.EnvironmentManagerMvcEndpoint.value(java.util.Map<java.lang.String, java.lang.String>)
2018-12-18 15:06:08.263  INFO [user-service] 7276 --- [           main] o.s.b.a.e.mvc.EndpointHandlerMapping     : Mapped "{[/env/reset],methods=[POST]}" onto public java.util.Map<java.lang.String, java.lang.Object> org.springframework.cloud.context.environment.EnvironmentManagerMvcEndpoint.reset()
2018-12-18 15:06:08.266  INFO [user-service] 7276 --- [           main] o.s.b.a.e.mvc.EndpointHandlerMapping     : Mapped "{[/refresh || /refresh.json],methods=[POST]}" onto public java.lang.Object org.springframework.cloud.endpoint.GenericPostableMvcEndpoint.invoke()
2018-12-18 15:06:08.269  INFO [user-service] 7276 --- [           main] o.s.b.a.e.mvc.EndpointHandlerMapping     : Mapped "{[/features || /features.json],methods=[GET],produces=[application/vnd.spring-boot.actuator.v1+json || application/json]}" onto public java.lang.Object org.springframework.boot.actuate.endpoint.mvc.EndpointMvcAdapter.invoke()
2018-12-18 15:06:08.273  INFO [user-service] 7276 --- [           main] o.s.b.a.e.mvc.EndpointHandlerMapping     : Mapped "{[/metrics/{name:.*}],methods=[GET],produces=[application/vnd.spring-boot.actuator.v1+json || application/json]}" onto public java.lang.Object org.springframework.boot.actuate.endpoint.mvc.MetricsMvcEndpoint.value(java.lang.String)
2018-12-18 15:06:08.274  INFO [user-service] 7276 --- [           main] o.s.b.a.e.mvc.EndpointHandlerMapping     : Mapped "{[/metrics || /metrics.json],methods=[GET],produces=[application/vnd.spring-boot.actuator.v1+json || application/json]}" onto public java.lang.Object org.springframework.boot.actuate.endpoint.mvc.EndpointMvcAdapter.invoke()
2018-12-18 15:06:08.276  INFO [user-service] 7276 --- [           main] o.s.b.a.e.mvc.EndpointHandlerMapping     : Mapped "{[/mappings || /mappings.json],methods=[GET],produces=[application/vnd.spring-boot.actuator.v1+json || application/json]}" onto public java.lang.Object org.springframework.boot.actuate.endpoint.mvc.EndpointMvcAdapter.invoke()
2018-12-18 15:06:08.279  INFO [user-service] 7276 --- [           main] o.s.b.a.e.mvc.EndpointHandlerMapping     : Mapped "{[/restart || /restart.json],methods=[POST]}" onto public java.lang.Object org.springframework.cloud.context.restart.RestartMvcEndpoint.invoke()
2018-12-18 15:06:08.284  INFO [user-service] 7276 --- [           main] o.s.b.a.e.mvc.EndpointHandlerMapping     : Mapped "{[/heapdump || /heapdump.json],methods=[GET],produces=[application/octet-stream]}" onto public void org.springframework.boot.actuate.endpoint.mvc.HeapdumpMvcEndpoint.invoke(boolean,javax.servlet.http.HttpServletRequest,javax.servlet.http.HttpServletResponse) throws java.io.IOException,javax.servlet.ServletException
2018-12-18 15:06:08.286  INFO [user-service] 7276 --- [           main] o.s.b.a.e.mvc.EndpointHandlerMapping     : Mapped "{[/dump || /dump.json],methods=[GET],produces=[application/vnd.spring-boot.actuator.v1+json || application/json]}" onto public java.lang.Object org.springframework.boot.actuate.endpoint.mvc.EndpointMvcAdapter.invoke()
2018-12-18 15:06:08.288  INFO [user-service] 7276 --- [           main] o.s.b.a.e.mvc.EndpointHandlerMapping     : Mapped "{[/beans || /beans.json],methods=[GET],produces=[application/vnd.spring-boot.actuator.v1+json || application/json]}" onto public java.lang.Object org.springframework.boot.actuate.endpoint.mvc.EndpointMvcAdapter.invoke()
2018-12-18 15:06:08.289  INFO [user-service] 7276 --- [           main] o.s.b.a.e.mvc.EndpointHandlerMapping     : Mapped "{[/trace || /trace.json],methods=[GET],produces=[application/vnd.spring-boot.actuator.v1+json || application/json]}" onto public java.lang.Object org.springframework.boot.actuate.endpoint.mvc.EndpointMvcAdapter.invoke()
2018-12-18 15:06:08.293  INFO [user-service] 7276 --- [           main] o.s.b.a.e.mvc.EndpointHandlerMapping     : Mapped "{[/pause || /pause.json],methods=[POST]}" onto public java.lang.Object org.springframework.cloud.endpoint.GenericPostableMvcEndpoint.invoke()
2018-12-18 15:06:08.294  INFO [user-service] 7276 --- [           main] o.s.b.a.e.mvc.EndpointHandlerMapping     : Mapped "{[/autoconfig || /autoconfig.json],methods=[GET],produces=[application/vnd.spring-boot.actuator.v1+json || application/json]}" onto public java.lang.Object org.springframework.boot.actuate.endpoint.mvc.EndpointMvcAdapter.invoke()
2018-12-18 15:06:08.295  INFO [user-service] 7276 --- [           main] o.s.b.a.e.mvc.EndpointHandlerMapping     : Mapped "{[/archaius || /archaius.json],methods=[GET],produces=[application/vnd.spring-boot.actuator.v1+json || application/json]}" onto public java.lang.Object org.springframework.boot.actuate.endpoint.mvc.EndpointMvcAdapter.invoke()
2018-12-18 15:06:08.298  INFO [user-service] 7276 --- [           main] o.s.b.a.e.mvc.EndpointHandlerMapping     : Mapped "{[/health || /health.json],methods=[GET],produces=[application/vnd.spring-boot.actuator.v1+json || application/json]}" onto public java.lang.Object org.springframework.boot.actuate.endpoint.mvc.HealthMvcEndpoint.invoke(javax.servlet.http.HttpServletRequest,java.security.Principal)
2018-12-18 15:06:08.302  INFO [user-service] 7276 --- [           main] o.s.b.a.e.mvc.EndpointHandlerMapping     : Mapped "{[/loggers/{name:.*}],methods=[GET],produces=[application/vnd.spring-boot.actuator.v1+json || application/json]}" onto public java.lang.Object org.springframework.boot.actuate.endpoint.mvc.LoggersMvcEndpoint.get(java.lang.String)
2018-12-18 15:06:08.303  INFO [user-service] 7276 --- [           main] o.s.b.a.e.mvc.EndpointHandlerMapping     : Mapped "{[/loggers/{name:.*}],methods=[POST],consumes=[application/vnd.spring-boot.actuator.v1+json || application/json],produces=[application/vnd.spring-boot.actuator.v1+json || application/json]}" onto public java.lang.Object org.springframework.boot.actuate.endpoint.mvc.LoggersMvcEndpoint.set(java.lang.String,java.util.Map<java.lang.String, java.lang.String>)
2018-12-18 15:06:08.304  INFO [user-service] 7276 --- [           main] o.s.b.a.e.mvc.EndpointHandlerMapping     : Mapped "{[/loggers || /loggers.json],methods=[GET],produces=[application/vnd.spring-boot.actuator.v1+json || application/json]}" onto public java.lang.Object org.springframework.boot.actuate.endpoint.mvc.EndpointMvcAdapter.invoke()
2018-12-18 15:06:08.305  INFO [user-service] 7276 --- [           main] o.s.b.a.e.mvc.EndpointHandlerMapping     : Mapped "{[/info || /info.json],methods=[GET],produces=[application/vnd.spring-boot.actuator.v1+json || application/json]}" onto public java.lang.Object org.springframework.boot.actuate.endpoint.mvc.EndpointMvcAdapter.invoke()
2018-12-18 15:06:08.728  WARN [user-service] 7276 --- [           main] c.n.c.sources.URLConfigurationSource     : No URLs will be polled as dynamic configuration sources.
2018-12-18 15:06:08.728  INFO [user-service] 7276 --- [           main] c.n.c.sources.URLConfigurationSource     : To enable URLs as dynamic configuration sources, define System property archaius.configurationSource.additionalUrls or make config.properties available on classpath.
2018-12-18 15:06:08.735  WARN [user-service] 7276 --- [           main] c.n.c.sources.URLConfigurationSource     : No URLs will be polled as dynamic configuration sources.
2018-12-18 15:06:08.735  INFO [user-service] 7276 --- [           main] c.n.c.sources.URLConfigurationSource     : To enable URLs as dynamic configuration sources, define System property archaius.configurationSource.additionalUrls or make config.properties available on classpath.
2018-12-18 15:06:09.107  INFO [user-service] 7276 --- [           main] o.s.j.e.a.AnnotationMBeanExporter        : Registering beans for JMX exposure on startup
2018-12-18 15:06:09.121  INFO [user-service] 7276 --- [           main] o.s.j.e.a.AnnotationMBeanExporter        : Bean with name 'environmentManager' has been autodetected for JMX exposure
2018-12-18 15:06:09.126  INFO [user-service] 7276 --- [           main] o.s.j.e.a.AnnotationMBeanExporter        : Bean with name 'configurationPropertiesRebinder' has been autodetected for JMX exposure
2018-12-18 15:06:09.126  INFO [user-service] 7276 --- [           main] o.s.j.e.a.AnnotationMBeanExporter        : Bean with name 'refreshEndpoint' has been autodetected for JMX exposure
2018-12-18 15:06:09.127  INFO [user-service] 7276 --- [           main] o.s.j.e.a.AnnotationMBeanExporter        : Bean with name 'restartEndpoint' has been autodetected for JMX exposure
2018-12-18 15:06:09.129  INFO [user-service] 7276 --- [           main] o.s.j.e.a.AnnotationMBeanExporter        : Bean with name 'refreshScope' has been autodetected for JMX exposure
2018-12-18 15:06:09.132  INFO [user-service] 7276 --- [           main] o.s.j.e.a.AnnotationMBeanExporter        : Located managed bean 'environmentManager': registering with JMX server as MBean [org.springframework.cloud.context.environment:name=environmentManager,type=EnvironmentManager]
2018-12-18 15:06:09.150  INFO [user-service] 7276 --- [           main] o.s.j.e.a.AnnotationMBeanExporter        : Located managed bean 'restartEndpoint': registering with JMX server as MBean [org.springframework.cloud.context.restart:name=restartEndpoint,type=RestartEndpoint]
2018-12-18 15:06:09.166  INFO [user-service] 7276 --- [           main] o.s.j.e.a.AnnotationMBeanExporter        : Located managed bean 'refreshScope': registering with JMX server as MBean [org.springframework.cloud.context.scope.refresh:name=refreshScope,type=RefreshScope]
2018-12-18 15:06:09.186  INFO [user-service] 7276 --- [           main] o.s.j.e.a.AnnotationMBeanExporter        : Located managed bean 'configurationPropertiesRebinder': registering with JMX server as MBean [org.springframework.cloud.context.properties:name=configurationPropertiesRebinder,context=1dd7796b,type=ConfigurationPropertiesRebinder]
2018-12-18 15:06:09.193  INFO [user-service] 7276 --- [           main] o.s.j.e.a.AnnotationMBeanExporter        : Located managed bean 'refreshEndpoint': registering with JMX server as MBean [org.springframework.cloud.endpoint:name=refreshEndpoint,type=RefreshEndpoint]
2018-12-18 15:06:09.462  INFO [user-service] 7276 --- [           main] o.s.c.support.DefaultLifecycleProcessor  : Starting beans in phase 0
2018-12-18 15:06:09.472  INFO [user-service] 7276 --- [           main] o.s.c.n.eureka.InstanceInfoFactory       : Setting initial instance status as: STARTING
2018-12-18 15:06:09.691  INFO [user-service] 7276 --- [           main] c.n.d.provider.DiscoveryJerseyProvider   : Using JSON encoding codec LegacyJacksonJson
2018-12-18 15:06:09.691  INFO [user-service] 7276 --- [           main] c.n.d.provider.DiscoveryJerseyProvider   : Using JSON decoding codec LegacyJacksonJson
2018-12-18 15:06:09.819  INFO [user-service] 7276 --- [           main] c.n.d.provider.DiscoveryJerseyProvider   : Using XML encoding codec XStreamXml
2018-12-18 15:06:09.820  INFO [user-service] 7276 --- [           main] c.n.d.provider.DiscoveryJerseyProvider   : Using XML decoding codec XStreamXml
2018-12-18 15:06:10.291  INFO [user-service] 7276 --- [           main] c.n.d.s.r.aws.ConfigClusterResolver      : Resolving eureka endpoints via configuration
2018-12-18 15:06:10.490  INFO [user-service] 7276 --- [           main] com.netflix.discovery.DiscoveryClient    : Disable delta property : false
2018-12-18 15:06:10.491  INFO [user-service] 7276 --- [           main] com.netflix.discovery.DiscoveryClient    : Single vip registry refresh property : null
2018-12-18 15:06:10.491  INFO [user-service] 7276 --- [           main] com.netflix.discovery.DiscoveryClient    : Force full registry fetch : false
2018-12-18 15:06:10.491  INFO [user-service] 7276 --- [           main] com.netflix.discovery.DiscoveryClient    : Application is null : false
2018-12-18 15:06:10.491  INFO [user-service] 7276 --- [           main] com.netflix.discovery.DiscoveryClient    : Registered Applications size is zero : true
2018-12-18 15:06:10.491  INFO [user-service] 7276 --- [           main] com.netflix.discovery.DiscoveryClient    : Application version is -1: true
2018-12-18 15:06:10.492  INFO [user-service] 7276 --- [           main] com.netflix.discovery.DiscoveryClient    : Getting all instance registry info from the eureka server
2018-12-18 15:06:10.677  INFO [user-service] 7276 --- [           main] com.netflix.discovery.DiscoveryClient    : The response status is 200
2018-12-18 15:06:10.679  INFO [user-service] 7276 --- [           main] com.netflix.discovery.DiscoveryClient    : Starting heartbeat executor: renew interval is: 30
2018-12-18 15:06:10.684  INFO [user-service] 7276 --- [           main] c.n.discovery.InstanceInfoReplicator     : InstanceInfoReplicator onDemand update allowed rate per min is 4
2018-12-18 15:06:10.691  INFO [user-service] 7276 --- [           main] com.netflix.discovery.DiscoveryClient    : Discovery Client initialized at timestamp 1545116770690 with initial instances count: 5
2018-12-18 15:06:10.719  INFO [user-service] 7276 --- [           main] c.n.e.EurekaDiscoveryClientConfiguration : Registering application user-service with eureka with status UP
2018-12-18 15:06:10.720  INFO [user-service] 7276 --- [           main] com.netflix.discovery.DiscoveryClient    : Saw local status change event StatusChangeEvent [timestamp=1545116770720, current=UP, previous=STARTING]
2018-12-18 15:06:10.722  INFO [user-service] 7276 --- [nfoReplicator-0] com.netflix.discovery.DiscoveryClient    : DiscoveryClient_USER-SERVICE/SC-201701131050:user-service:3001: registering service...
2018-12-18 15:06:10.768  INFO [user-service] 7276 --- [nfoReplicator-0] com.netflix.discovery.DiscoveryClient    : DiscoveryClient_USER-SERVICE/SC-201701131050:user-service:3001 - registration status: 204
2018-12-18 15:06:10.880  INFO [user-service] 7276 --- [           main] s.b.c.e.t.TomcatEmbeddedServletContainer : Tomcat started on port(s): 3001 (http)
2018-12-18 15:06:10.882  INFO [user-service] 7276 --- [           main] c.n.e.EurekaDiscoveryClientConfiguration : Updating port to 3001
2018-12-18 15:06:10.887  INFO [user-service] 7276 --- [           main] com.qt.air.cleaner.user.Application      : Started Application in 17.349 seconds (JVM running for 18.439)
2018-12-18 15:08:25.946  INFO [user-service] 10768 --- [           main] s.c.a.AnnotationConfigApplicationContext : Refreshing org.springframework.context.annotation.AnnotationConfigApplicationContext@1e886a5b: startup date [Tue Dec 18 15:08:25 CST 2018]; root of context hierarchy
2018-12-18 15:08:26.313  INFO [user-service] 10768 --- [           main] f.a.AutowiredAnnotationBeanPostProcessor : JSR-330 'javax.inject.Inject' annotation found and supported for autowiring
2018-12-18 15:08:26.425  INFO [user-service] 10768 --- [           main] trationDelegate$BeanPostProcessorChecker : Bean 'configurationPropertiesRebinderAutoConfiguration' of type [org.springframework.cloud.autoconfigure.ConfigurationPropertiesRebinderAutoConfiguration$$EnhancerBySpringCGLIB$$e1500360] is not eligible for getting processed by all BeanPostProcessors (for example: not eligible for auto-proxying)
2018-12-18 15:08:27.313  INFO [user-service] 10768 --- [           main] c.c.c.ConfigServicePropertySourceLocator : Fetching config from server at: http://localhost:8888
2018-12-18 15:08:28.447  WARN [user-service] 10768 --- [           main] c.c.c.ConfigServicePropertySourceLocator : Could not locate PropertySource: I/O error on GET request for "http://localhost:8888/user-service/default": Connection refused: connect; nested exception is java.net.ConnectException: Connection refused: connect
2018-12-18 15:08:28.452  INFO [user-service] 10768 --- [           main] com.qt.air.cleaner.user.Application      : The following profiles are active: dev
2018-12-18 15:08:28.494  INFO [user-service] 10768 --- [           main] ationConfigEmbeddedWebApplicationContext : Refreshing org.springframework.boot.context.embedded.AnnotationConfigEmbeddedWebApplicationContext@10cd6753: startup date [Tue Dec 18 15:08:28 CST 2018]; parent: org.springframework.context.annotation.AnnotationConfigApplicationContext@1e886a5b
2018-12-18 15:08:29.821  INFO [user-service] 10768 --- [           main] o.s.cloud.context.scope.GenericScope     : BeanFactory id=f0ee3ce2-0e6e-3feb-8259-85ca2163018c
2018-12-18 15:08:29.858  INFO [user-service] 10768 --- [           main] f.a.AutowiredAnnotationBeanPostProcessor : JSR-330 'javax.inject.Inject' annotation found and supported for autowiring
2018-12-18 15:08:30.090  INFO [user-service] 10768 --- [           main] trationDelegate$BeanPostProcessorChecker : Bean 'org.springframework.transaction.annotation.ProxyTransactionManagementConfiguration' of type [org.springframework.transaction.annotation.ProxyTransactionManagementConfiguration$$EnhancerBySpringCGLIB$$c5360063] is not eligible for getting processed by all BeanPostProcessors (for example: not eligible for auto-proxying)
2018-12-18 15:08:30.146  INFO [user-service] 10768 --- [           main] trationDelegate$BeanPostProcessorChecker : Bean 'org.springframework.cloud.autoconfigure.ConfigurationPropertiesRebinderAutoConfiguration' of type [org.springframework.cloud.autoconfigure.ConfigurationPropertiesRebinderAutoConfiguration$$EnhancerBySpringCGLIB$$e1500360] is not eligible for getting processed by all BeanPostProcessors (for example: not eligible for auto-proxying)
2018-12-18 15:08:30.581  INFO [user-service] 10768 --- [           main] s.b.c.e.t.TomcatEmbeddedServletContainer : Tomcat initialized with port(s): 3001 (http)
2018-12-18 15:08:30.592  INFO [user-service] 10768 --- [           main] o.apache.catalina.core.StandardService   : Starting service [Tomcat]
2018-12-18 15:08:30.594  INFO [user-service] 10768 --- [           main] org.apache.catalina.core.StandardEngine  : Starting Servlet Engine: Apache Tomcat/8.5.23
2018-12-18 15:08:30.787  INFO [user-service] 10768 --- [ost-startStop-1] o.a.c.c.C.[Tomcat].[localhost].[/]       : Initializing Spring embedded WebApplicationContext
2018-12-18 15:08:30.787  INFO [user-service] 10768 --- [ost-startStop-1] o.s.web.context.ContextLoader            : Root WebApplicationContext: initialization completed in 2293 ms
2018-12-18 15:08:31.309  INFO [user-service] 10768 --- [ost-startStop-1] o.s.b.w.servlet.ServletRegistrationBean  : Mapping servlet: 'dispatcherServlet' to [/]
2018-12-18 15:08:31.317  INFO [user-service] 10768 --- [ost-startStop-1] o.s.b.w.servlet.FilterRegistrationBean   : Mapping filter: 'metricsFilter' to: [/*]
2018-12-18 15:08:31.318  INFO [user-service] 10768 --- [ost-startStop-1] o.s.b.w.servlet.FilterRegistrationBean   : Mapping filter: 'characterEncodingFilter' to: [/*]
2018-12-18 15:08:31.318  INFO [user-service] 10768 --- [ost-startStop-1] o.s.b.w.servlet.FilterRegistrationBean   : Mapping filter: 'hiddenHttpMethodFilter' to: [/*]
2018-12-18 15:08:31.318  INFO [user-service] 10768 --- [ost-startStop-1] o.s.b.w.servlet.FilterRegistrationBean   : Mapping filter: 'httpPutFormContentFilter' to: [/*]
2018-12-18 15:08:31.318  INFO [user-service] 10768 --- [ost-startStop-1] o.s.b.w.servlet.FilterRegistrationBean   : Mapping filter: 'requestContextFilter' to: [/*]
2018-12-18 15:08:31.319  INFO [user-service] 10768 --- [ost-startStop-1] o.s.b.w.servlet.FilterRegistrationBean   : Mapping filter: 'webRequestLoggingFilter' to: [/*]
2018-12-18 15:08:31.319  INFO [user-service] 10768 --- [ost-startStop-1] o.s.b.w.servlet.FilterRegistrationBean   : Mapping filter: 'applicationContextIdFilter' to: [/*]
2018-12-18 15:08:32.996  INFO [user-service] 10768 --- [           main] j.LocalContainerEntityManagerFactoryBean : Building JPA container EntityManagerFactory for persistence unit 'default'
2018-12-18 15:08:33.012  INFO [user-service] 10768 --- [           main] o.hibernate.jpa.internal.util.LogHelper  : HHH000204: Processing PersistenceUnitInfo [
	name: default
	...]
2018-12-18 15:08:33.259  INFO [user-service] 10768 --- [           main] org.hibernate.Version                    : HHH000412: Hibernate Core {5.0.12.Final}
2018-12-18 15:08:33.262  INFO [user-service] 10768 --- [           main] org.hibernate.cfg.Environment            : HHH000206: hibernate.properties not found
2018-12-18 15:08:33.264  INFO [user-service] 10768 --- [           main] org.hibernate.cfg.Environment            : HHH000021: Bytecode provider name : javassist
2018-12-18 15:08:33.340  INFO [user-service] 10768 --- [           main] o.hibernate.annotations.common.Version   : HCANN000001: Hibernate Commons Annotations {5.0.1.Final}
2018-12-18 15:08:33.527  INFO [user-service] 10768 --- [           main] org.hibernate.dialect.Dialect            : HHH000400: Using dialect: org.hibernate.dialect.Oracle9iDialect
2018-12-18 15:08:33.927  WARN [user-service] 10768 --- [           main] org.hibernate.id.GUIDGenerator           : HHH000065: DEPRECATED : use [org.hibernate.id.UUIDGenerator] instead with custom [org.hibernate.id.UUIDGenerationStrategy] implementation
2018-12-18 15:08:34.427  INFO [user-service] 10768 --- [           main] j.LocalContainerEntityManagerFactoryBean : Initialized JPA EntityManagerFactory for persistence unit 'default'
2018-12-18 15:08:36.573  INFO [user-service] 10768 --- [           main] s.w.s.m.m.a.RequestMappingHandlerAdapter : Looking for @ControllerAdvice: org.springframework.boot.context.embedded.AnnotationConfigEmbeddedWebApplicationContext@10cd6753: startup date [Tue Dec 18 15:08:28 CST 2018]; parent: org.springframework.context.annotation.AnnotationConfigApplicationContext@1e886a5b
2018-12-18 15:08:36.727  INFO [user-service] 10768 --- [           main] s.w.s.m.m.a.RequestMappingHandlerMapping : Mapped "{[/bound],methods=[POST]}" onto public com.qt.air.cleaner.base.dto.ResultInfo com.qt.air.cleaner.user.service.impl.UserServiceImpl.bound(com.qt.air.cleaner.user.dto.Bound) throws com.qt.air.cleaner.base.exception.BusinessRuntimeException
2018-12-18 15:08:36.730  INFO [user-service] 10768 --- [           main] s.w.s.m.m.a.RequestMappingHandlerMapping : Mapped "{[/query],methods=[POST]}" onto public com.qt.air.cleaner.base.dto.ResultInfo com.qt.air.cleaner.user.service.impl.UserServiceImpl.queryUser(java.util.Map<java.lang.String, java.lang.String>) throws com.qt.air.cleaner.base.exception.BusinessRuntimeException
2018-12-18 15:08:36.731  INFO [user-service] 10768 --- [           main] s.w.s.m.m.a.RequestMappingHandlerMapping : Mapped "{[/updateTradePwd],methods=[POST]}" onto public com.qt.air.cleaner.base.dto.ResultInfo com.qt.air.cleaner.user.service.impl.UserServiceImpl.updateTradePwd(java.util.Map<java.lang.String, java.lang.String>) throws com.qt.air.cleaner.base.exception.BusinessRuntimeException
2018-12-18 15:08:36.732  INFO [user-service] 10768 --- [           main] s.w.s.m.m.a.RequestMappingHandlerMapping : Mapped "{[/updateSelfInfo],methods=[POST]}" onto public com.qt.air.cleaner.base.dto.ResultInfo com.qt.air.cleaner.user.service.impl.UserServiceImpl.updateSelfInfo(com.qt.air.cleaner.user.dto.SelfInfo) throws com.qt.air.cleaner.base.exception.BusinessRuntimeException
2018-12-18 15:08:36.733  INFO [user-service] 10768 --- [           main] s.w.s.m.m.a.RequestMappingHandlerMapping : Mapped "{[/login],methods=[POST]}" onto public com.qt.air.cleaner.base.dto.ResultInfo com.qt.air.cleaner.user.service.impl.UserServiceImpl.loginOrBound(java.util.Map<java.lang.String, java.lang.String>) throws com.qt.air.cleaner.base.exception.BusinessRuntimeException
2018-12-18 15:08:36.733  INFO [user-service] 10768 --- [           main] s.w.s.m.m.a.RequestMappingHandlerMapping : Mapped "{[/updatePhone],methods=[POST]}" onto public com.qt.air.cleaner.base.dto.ResultInfo com.qt.air.cleaner.user.service.impl.UserServiceImpl.updatePhoneNumber(java.util.Map<java.lang.String, java.lang.String>) throws com.qt.air.cleaner.base.exception.BusinessRuntimeException
2018-12-18 15:08:36.736  INFO [user-service] 10768 --- [           main] s.w.s.m.m.a.RequestMappingHandlerMapping : Mapped "{[/error]}" onto public org.springframework.http.ResponseEntity<java.util.Map<java.lang.String, java.lang.Object>> org.springframework.boot.autoconfigure.web.BasicErrorController.error(javax.servlet.http.HttpServletRequest)
2018-12-18 15:08:36.736  INFO [user-service] 10768 --- [           main] s.w.s.m.m.a.RequestMappingHandlerMapping : Mapped "{[/error],produces=[text/html]}" onto public org.springframework.web.servlet.ModelAndView org.springframework.boot.autoconfigure.web.BasicErrorController.errorHtml(javax.servlet.http.HttpServletRequest,javax.servlet.http.HttpServletResponse)
2018-12-18 15:08:36.800  INFO [user-service] 10768 --- [           main] o.s.w.s.handler.SimpleUrlHandlerMapping  : Mapped URL path [/webjars/**] onto handler of type [class org.springframework.web.servlet.resource.ResourceHttpRequestHandler]
2018-12-18 15:08:36.800  INFO [user-service] 10768 --- [           main] o.s.w.s.handler.SimpleUrlHandlerMapping  : Mapped URL path [/**] onto handler of type [class org.springframework.web.servlet.resource.ResourceHttpRequestHandler]
2018-12-18 15:08:36.887  INFO [user-service] 10768 --- [           main] o.s.w.s.handler.SimpleUrlHandlerMapping  : Mapped URL path [/**/favicon.ico] onto handler of type [class org.springframework.web.servlet.resource.ResourceHttpRequestHandler]
2018-12-18 15:08:37.945  INFO [user-service] 10768 --- [           main] o.s.b.a.e.mvc.EndpointHandlerMapping     : Mapped "{[/autoconfig || /autoconfig.json],methods=[GET],produces=[application/vnd.spring-boot.actuator.v1+json || application/json]}" onto public java.lang.Object org.springframework.boot.actuate.endpoint.mvc.EndpointMvcAdapter.invoke()
2018-12-18 15:08:37.946  INFO [user-service] 10768 --- [           main] o.s.b.a.e.mvc.EndpointHandlerMapping     : Mapped "{[/configprops || /configprops.json],methods=[GET],produces=[application/vnd.spring-boot.actuator.v1+json || application/json]}" onto public java.lang.Object org.springframework.boot.actuate.endpoint.mvc.EndpointMvcAdapter.invoke()
2018-12-18 15:08:37.947  INFO [user-service] 10768 --- [           main] o.s.b.a.e.mvc.EndpointHandlerMapping     : Mapped "{[/mappings || /mappings.json],methods=[GET],produces=[application/vnd.spring-boot.actuator.v1+json || application/json]}" onto public java.lang.Object org.springframework.boot.actuate.endpoint.mvc.EndpointMvcAdapter.invoke()
2018-12-18 15:08:37.948  INFO [user-service] 10768 --- [           main] o.s.b.a.e.mvc.EndpointHandlerMapping     : Mapped "{[/refresh || /refresh.json],methods=[POST]}" onto public java.lang.Object org.springframework.cloud.endpoint.GenericPostableMvcEndpoint.invoke()
2018-12-18 15:08:37.950  INFO [user-service] 10768 --- [           main] o.s.b.a.e.mvc.EndpointHandlerMapping     : Mapped "{[/metrics/{name:.*}],methods=[GET],produces=[application/vnd.spring-boot.actuator.v1+json || application/json]}" onto public java.lang.Object org.springframework.boot.actuate.endpoint.mvc.MetricsMvcEndpoint.value(java.lang.String)
2018-12-18 15:08:37.950  INFO [user-service] 10768 --- [           main] o.s.b.a.e.mvc.EndpointHandlerMapping     : Mapped "{[/metrics || /metrics.json],methods=[GET],produces=[application/vnd.spring-boot.actuator.v1+json || application/json]}" onto public java.lang.Object org.springframework.boot.actuate.endpoint.mvc.EndpointMvcAdapter.invoke()
2018-12-18 15:08:37.951  INFO [user-service] 10768 --- [           main] o.s.b.a.e.mvc.EndpointHandlerMapping     : Mapped "{[/env],methods=[POST]}" onto public java.lang.Object org.springframework.cloud.context.environment.EnvironmentManagerMvcEndpoint.value(java.util.Map<java.lang.String, java.lang.String>)
2018-12-18 15:08:37.951  INFO [user-service] 10768 --- [           main] o.s.b.a.e.mvc.EndpointHandlerMapping     : Mapped "{[/env/reset],methods=[POST]}" onto public java.util.Map<java.lang.String, java.lang.Object> org.springframework.cloud.context.environment.EnvironmentManagerMvcEndpoint.reset()
2018-12-18 15:08:37.954  INFO [user-service] 10768 --- [           main] o.s.b.a.e.mvc.EndpointHandlerMapping     : Mapped "{[/loggers/{name:.*}],methods=[GET],produces=[application/vnd.spring-boot.actuator.v1+json || application/json]}" onto public java.lang.Object org.springframework.boot.actuate.endpoint.mvc.LoggersMvcEndpoint.get(java.lang.String)
2018-12-18 15:08:37.955  INFO [user-service] 10768 --- [           main] o.s.b.a.e.mvc.EndpointHandlerMapping     : Mapped "{[/loggers/{name:.*}],methods=[POST],consumes=[application/vnd.spring-boot.actuator.v1+json || application/json],produces=[application/vnd.spring-boot.actuator.v1+json || application/json]}" onto public java.lang.Object org.springframework.boot.actuate.endpoint.mvc.LoggersMvcEndpoint.set(java.lang.String,java.util.Map<java.lang.String, java.lang.String>)
2018-12-18 15:08:37.956  INFO [user-service] 10768 --- [           main] o.s.b.a.e.mvc.EndpointHandlerMapping     : Mapped "{[/loggers || /loggers.json],methods=[GET],produces=[application/vnd.spring-boot.actuator.v1+json || application/json]}" onto public java.lang.Object org.springframework.boot.actuate.endpoint.mvc.EndpointMvcAdapter.invoke()
2018-12-18 15:08:37.957  INFO [user-service] 10768 --- [           main] o.s.b.a.e.mvc.EndpointHandlerMapping     : Mapped "{[/restart || /restart.json],methods=[POST]}" onto public java.lang.Object org.springframework.cloud.context.restart.RestartMvcEndpoint.invoke()
2018-12-18 15:08:37.959  INFO [user-service] 10768 --- [           main] o.s.b.a.e.mvc.EndpointHandlerMapping     : Mapped "{[/health || /health.json],methods=[GET],produces=[application/vnd.spring-boot.actuator.v1+json || application/json]}" onto public java.lang.Object org.springframework.boot.actuate.endpoint.mvc.HealthMvcEndpoint.invoke(javax.servlet.http.HttpServletRequest,java.security.Principal)
2018-12-18 15:08:37.960  INFO [user-service] 10768 --- [           main] o.s.b.a.e.mvc.EndpointHandlerMapping     : Mapped "{[/trace || /trace.json],methods=[GET],produces=[application/vnd.spring-boot.actuator.v1+json || application/json]}" onto public java.lang.Object org.springframework.boot.actuate.endpoint.mvc.EndpointMvcAdapter.invoke()
2018-12-18 15:08:37.962  INFO [user-service] 10768 --- [           main] o.s.b.a.e.mvc.EndpointHandlerMapping     : Mapped "{[/beans || /beans.json],methods=[GET],produces=[application/vnd.spring-boot.actuator.v1+json || application/json]}" onto public java.lang.Object org.springframework.boot.actuate.endpoint.mvc.EndpointMvcAdapter.invoke()
2018-12-18 15:08:37.963  INFO [user-service] 10768 --- [           main] o.s.b.a.e.mvc.EndpointHandlerMapping     : Mapped "{[/info || /info.json],methods=[GET],produces=[application/vnd.spring-boot.actuator.v1+json || application/json]}" onto public java.lang.Object org.springframework.boot.actuate.endpoint.mvc.EndpointMvcAdapter.invoke()
2018-12-18 15:08:37.965  INFO [user-service] 10768 --- [           main] o.s.b.a.e.mvc.EndpointHandlerMapping     : Mapped "{[/env/{name:.*}],methods=[GET],produces=[application/vnd.spring-boot.actuator.v1+json || application/json]}" onto public java.lang.Object org.springframework.boot.actuate.endpoint.mvc.EnvironmentMvcEndpoint.value(java.lang.String)
2018-12-18 15:08:37.965  INFO [user-service] 10768 --- [           main] o.s.b.a.e.mvc.EndpointHandlerMapping     : Mapped "{[/env || /env.json],methods=[GET],produces=[application/vnd.spring-boot.actuator.v1+json || application/json]}" onto public java.lang.Object org.springframework.boot.actuate.endpoint.mvc.EndpointMvcAdapter.invoke()
2018-12-18 15:08:37.966  INFO [user-service] 10768 --- [           main] o.s.b.a.e.mvc.EndpointHandlerMapping     : Mapped "{[/archaius || /archaius.json],methods=[GET],produces=[application/vnd.spring-boot.actuator.v1+json || application/json]}" onto public java.lang.Object org.springframework.boot.actuate.endpoint.mvc.EndpointMvcAdapter.invoke()
2018-12-18 15:08:37.967  INFO [user-service] 10768 --- [           main] o.s.b.a.e.mvc.EndpointHandlerMapping     : Mapped "{[/pause || /pause.json],methods=[POST]}" onto public java.lang.Object org.springframework.cloud.endpoint.GenericPostableMvcEndpoint.invoke()
2018-12-18 15:08:37.968  INFO [user-service] 10768 --- [           main] o.s.b.a.e.mvc.EndpointHandlerMapping     : Mapped "{[/features || /features.json],methods=[GET],produces=[application/vnd.spring-boot.actuator.v1+json || application/json]}" onto public java.lang.Object org.springframework.boot.actuate.endpoint.mvc.EndpointMvcAdapter.invoke()
2018-12-18 15:08:37.972  INFO [user-service] 10768 --- [           main] o.s.b.a.e.mvc.EndpointHandlerMapping     : Mapped "{[/resume || /resume.json],methods=[POST]}" onto public java.lang.Object org.springframework.cloud.endpoint.GenericPostableMvcEndpoint.invoke()
2018-12-18 15:08:37.975  INFO [user-service] 10768 --- [           main] o.s.b.a.e.mvc.EndpointHandlerMapping     : Mapped "{[/heapdump || /heapdump.json],methods=[GET],produces=[application/octet-stream]}" onto public void org.springframework.boot.actuate.endpoint.mvc.HeapdumpMvcEndpoint.invoke(boolean,javax.servlet.http.HttpServletRequest,javax.servlet.http.HttpServletResponse) throws java.io.IOException,javax.servlet.ServletException
2018-12-18 15:08:37.977  INFO [user-service] 10768 --- [           main] o.s.b.a.e.mvc.EndpointHandlerMapping     : Mapped "{[/auditevents || /auditevents.json],methods=[GET],produces=[application/vnd.spring-boot.actuator.v1+json || application/json]}" onto public org.springframework.http.ResponseEntity<?> org.springframework.boot.actuate.endpoint.mvc.AuditEventsMvcEndpoint.findByPrincipalAndAfterAndType(java.lang.String,java.util.Date,java.lang.String)
2018-12-18 15:08:37.978  INFO [user-service] 10768 --- [           main] o.s.b.a.e.mvc.EndpointHandlerMapping     : Mapped "{[/dump || /dump.json],methods=[GET],produces=[application/vnd.spring-boot.actuator.v1+json || application/json]}" onto public java.lang.Object org.springframework.boot.actuate.endpoint.mvc.EndpointMvcAdapter.invoke()
2018-12-18 15:08:38.413  WARN [user-service] 10768 --- [           main] c.n.c.sources.URLConfigurationSource     : No URLs will be polled as dynamic configuration sources.
2018-12-18 15:08:38.413  INFO [user-service] 10768 --- [           main] c.n.c.sources.URLConfigurationSource     : To enable URLs as dynamic configuration sources, define System property archaius.configurationSource.additionalUrls or make config.properties available on classpath.
2018-12-18 15:08:38.420  WARN [user-service] 10768 --- [           main] c.n.c.sources.URLConfigurationSource     : No URLs will be polled as dynamic configuration sources.
2018-12-18 15:08:38.420  INFO [user-service] 10768 --- [           main] c.n.c.sources.URLConfigurationSource     : To enable URLs as dynamic configuration sources, define System property archaius.configurationSource.additionalUrls or make config.properties available on classpath.
2018-12-18 15:08:38.795  INFO [user-service] 10768 --- [           main] o.s.j.e.a.AnnotationMBeanExporter        : Registering beans for JMX exposure on startup
2018-12-18 15:08:38.810  INFO [user-service] 10768 --- [           main] o.s.j.e.a.AnnotationMBeanExporter        : Bean with name 'environmentManager' has been autodetected for JMX exposure
2018-12-18 15:08:38.814  INFO [user-service] 10768 --- [           main] o.s.j.e.a.AnnotationMBeanExporter        : Bean with name 'configurationPropertiesRebinder' has been autodetected for JMX exposure
2018-12-18 15:08:38.815  INFO [user-service] 10768 --- [           main] o.s.j.e.a.AnnotationMBeanExporter        : Bean with name 'refreshEndpoint' has been autodetected for JMX exposure
2018-12-18 15:08:38.816  INFO [user-service] 10768 --- [           main] o.s.j.e.a.AnnotationMBeanExporter        : Bean with name 'restartEndpoint' has been autodetected for JMX exposure
2018-12-18 15:08:38.818  INFO [user-service] 10768 --- [           main] o.s.j.e.a.AnnotationMBeanExporter        : Bean with name 'refreshScope' has been autodetected for JMX exposure
2018-12-18 15:08:38.821  INFO [user-service] 10768 --- [           main] o.s.j.e.a.AnnotationMBeanExporter        : Located managed bean 'environmentManager': registering with JMX server as MBean [org.springframework.cloud.context.environment:name=environmentManager,type=EnvironmentManager]
2018-12-18 15:08:38.839  INFO [user-service] 10768 --- [           main] o.s.j.e.a.AnnotationMBeanExporter        : Located managed bean 'restartEndpoint': registering with JMX server as MBean [org.springframework.cloud.context.restart:name=restartEndpoint,type=RestartEndpoint]
2018-12-18 15:08:38.855  INFO [user-service] 10768 --- [           main] o.s.j.e.a.AnnotationMBeanExporter        : Located managed bean 'refreshScope': registering with JMX server as MBean [org.springframework.cloud.context.scope.refresh:name=refreshScope,type=RefreshScope]
2018-12-18 15:08:38.876  INFO [user-service] 10768 --- [           main] o.s.j.e.a.AnnotationMBeanExporter        : Located managed bean 'configurationPropertiesRebinder': registering with JMX server as MBean [org.springframework.cloud.context.properties:name=configurationPropertiesRebinder,context=10cd6753,type=ConfigurationPropertiesRebinder]
2018-12-18 15:08:38.884  INFO [user-service] 10768 --- [           main] o.s.j.e.a.AnnotationMBeanExporter        : Located managed bean 'refreshEndpoint': registering with JMX server as MBean [org.springframework.cloud.endpoint:name=refreshEndpoint,type=RefreshEndpoint]
2018-12-18 15:08:39.166  INFO [user-service] 10768 --- [           main] o.s.c.support.DefaultLifecycleProcessor  : Starting beans in phase 0
2018-12-18 15:08:39.175  INFO [user-service] 10768 --- [           main] o.s.c.n.eureka.InstanceInfoFactory       : Setting initial instance status as: STARTING
2018-12-18 15:08:39.394  INFO [user-service] 10768 --- [           main] c.n.d.provider.DiscoveryJerseyProvider   : Using JSON encoding codec LegacyJacksonJson
2018-12-18 15:08:39.394  INFO [user-service] 10768 --- [           main] c.n.d.provider.DiscoveryJerseyProvider   : Using JSON decoding codec LegacyJacksonJson
2018-12-18 15:08:39.521  INFO [user-service] 10768 --- [           main] c.n.d.provider.DiscoveryJerseyProvider   : Using XML encoding codec XStreamXml
2018-12-18 15:08:39.522  INFO [user-service] 10768 --- [           main] c.n.d.provider.DiscoveryJerseyProvider   : Using XML decoding codec XStreamXml
2018-12-18 15:08:39.941  INFO [user-service] 10768 --- [           main] c.n.d.s.r.aws.ConfigClusterResolver      : Resolving eureka endpoints via configuration
2018-12-18 15:08:40.143  INFO [user-service] 10768 --- [           main] com.netflix.discovery.DiscoveryClient    : Disable delta property : false
2018-12-18 15:08:40.144  INFO [user-service] 10768 --- [           main] com.netflix.discovery.DiscoveryClient    : Single vip registry refresh property : null
2018-12-18 15:08:40.144  INFO [user-service] 10768 --- [           main] com.netflix.discovery.DiscoveryClient    : Force full registry fetch : false
2018-12-18 15:08:40.144  INFO [user-service] 10768 --- [           main] com.netflix.discovery.DiscoveryClient    : Application is null : false
2018-12-18 15:08:40.144  INFO [user-service] 10768 --- [           main] com.netflix.discovery.DiscoveryClient    : Registered Applications size is zero : true
2018-12-18 15:08:40.144  INFO [user-service] 10768 --- [           main] com.netflix.discovery.DiscoveryClient    : Application version is -1: true
2018-12-18 15:08:40.145  INFO [user-service] 10768 --- [           main] com.netflix.discovery.DiscoveryClient    : Getting all instance registry info from the eureka server
2018-12-18 15:08:40.336  INFO [user-service] 10768 --- [           main] com.netflix.discovery.DiscoveryClient    : The response status is 200
2018-12-18 15:08:40.339  INFO [user-service] 10768 --- [           main] com.netflix.discovery.DiscoveryClient    : Starting heartbeat executor: renew interval is: 30
2018-12-18 15:08:40.346  INFO [user-service] 10768 --- [           main] c.n.discovery.InstanceInfoReplicator     : InstanceInfoReplicator onDemand update allowed rate per min is 4
2018-12-18 15:08:40.353  INFO [user-service] 10768 --- [           main] com.netflix.discovery.DiscoveryClient    : Discovery Client initialized at timestamp 1545116920353 with initial instances count: 6
2018-12-18 15:08:40.387  INFO [user-service] 10768 --- [           main] c.n.e.EurekaDiscoveryClientConfiguration : Registering application user-service with eureka with status UP
2018-12-18 15:08:40.387  INFO [user-service] 10768 --- [           main] com.netflix.discovery.DiscoveryClient    : Saw local status change event StatusChangeEvent [timestamp=1545116920387, current=UP, previous=STARTING]
2018-12-18 15:08:40.389  INFO [user-service] 10768 --- [nfoReplicator-0] com.netflix.discovery.DiscoveryClient    : DiscoveryClient_USER-SERVICE/SC-201701131050:user-service:3001: registering service...
2018-12-18 15:08:40.437  INFO [user-service] 10768 --- [nfoReplicator-0] com.netflix.discovery.DiscoveryClient    : DiscoveryClient_USER-SERVICE/SC-201701131050:user-service:3001 - registration status: 204
2018-12-18 15:08:40.562  INFO [user-service] 10768 --- [           main] s.b.c.e.t.TomcatEmbeddedServletContainer : Tomcat started on port(s): 3001 (http)
2018-12-18 15:08:40.563  INFO [user-service] 10768 --- [           main] c.n.e.EurekaDiscoveryClientConfiguration : Updating port to 3001
2018-12-18 15:08:40.569  INFO [user-service] 10768 --- [           main] com.qt.air.cleaner.user.Application      : Started Application in 15.85 seconds (JVM running for 16.929)
2018-12-18 15:09:29.823  INFO [user-service] 10768 --- [nio-3001-exec-1] o.a.c.c.C.[Tomcat].[localhost].[/]       : Initializing Spring FrameworkServlet 'dispatcherServlet'
2018-12-18 15:09:29.823  INFO [user-service] 10768 --- [nio-3001-exec-1] o.s.web.servlet.DispatcherServlet        : FrameworkServlet 'dispatcherServlet': initialization started
2018-12-18 15:09:29.868  INFO [user-service] 10768 --- [nio-3001-exec-1] o.s.web.servlet.DispatcherServlet        : FrameworkServlet 'dispatcherServlet': initialization completed in 45 ms
2018-12-18 15:09:29.941  INFO [user-service] 10768 --- [nio-3001-exec-1] c.q.a.c.u.service.impl.UserServiceImpl   : execute method loginUser() param --> parame:{amount=null, weixin=oPmTlsjbuV49eGGacBxGK0kJjmFl, phoneNumber=13926113495, nickName=null, name=null, headerUrl=null, userType=MERCHANT, dentificationNumber=51010319740426136X, verificationCode=null}
2018-12-18 15:09:35.653  INFO [user-service] 10768 --- [nio-3001-exec-1] o.h.h.i.QueryTranslatorFactoryInitiator  : HHH000397: Using ASTQueryTranslatorFactory
2018-12-18 15:09:49.057  INFO [user-service] 10768 --- [nio-3001-exec-2] c.q.a.c.u.service.impl.UserServiceImpl   : execute method loginUser() param --> parame:{amount=null, weixin=oPmTlsjbuV49eGGacBxGK0kJjmFl, phoneNumber=13926113495, nickName=null, name=null, headerUrl=null, userType=MERCHANT, dentificationNumber=51010319740426136X, verificationCode=null}
2018-12-18 15:10:07.739  INFO [user-service] 10768 --- [nio-3001-exec-4] c.q.a.c.u.service.impl.UserServiceImpl   : execute method loginUser() param --> parame:{amount=null, weixin=oPmTlsjbuV49eGGacBxGK0kJjmFl, phoneNumber=13926113495, nickName=null, name=null, headerUrl=null, userType=MERCHANT, dentificationNumber=51010319740426136X, verificationCode=null}
2018-12-18 15:10:12.924  INFO [user-service] 10768 --- [nio-3001-exec-7] c.q.a.c.u.service.impl.UserServiceImpl   : execute method loginUser() param --> parame:{amount=null, weixin=oPmTlsjbuV49eGGacBxGK0kJjmFl, phoneNumber=13926113495, nickName=null, name=null, headerUrl=null, userType=MERCHANT, dentificationNumber=51010319740426136X, verificationCode=null}
2018-12-18 15:11:22.485  INFO [user-service] 10768 --- [nio-3001-exec-6] c.q.a.c.u.service.impl.UserServiceImpl   : execute method loginUser() param --> parame:{amount=null, phoneNumber=13926113495, nickName=null, openId=oPmTlsjbuV49eGGacBxGK0kJjmFl, name=null, headerUrl=null, userType=MERCHANT, dentificationNumber=51010319740426136X, verificationCode=null}
2018-12-18 15:11:33.729  INFO [user-service] 10768 --- [nio-3001-exec-9] c.q.a.c.u.service.impl.UserServiceImpl   : execute method loginUser() param --> parame:{amount=null, phoneNumber=13926113495, nickName=null, openId=oPmTlsjbuV49eGGacBxGK0kJjmFl, name=null, headerUrl=null, userType=MERCHANT, dentificationNumber=51010319740426136X, verificationCode=null}
2018-12-18 15:13:09.316  INFO [user-service] 10768 --- [nio-3001-exec-8] c.q.a.c.u.service.impl.UserServiceImpl   : execute method loginUser() param --> parame:{amount=null, phoneNumber=13926113495, nickName=null, openId=oPmTlsjbuV49eGGacBxGK0kJjmFl, name=null, identificationNumber=51010319740426136X, headerUrl=null, userType=MERCHANT, verificationCode=null}
