2018-12-18 10:05:18.601  INFO [order-service] 13076 --- [           main] s.c.a.AnnotationConfigApplicationContext : Refreshing org.springframework.context.annotation.AnnotationConfigApplicationContext@69637b10: startup date [Tue Dec 18 10:05:18 CST 2018]; root of context hierarchy
2018-12-18 10:05:19.810  INFO [order-service] 13076 --- [           main] f.a.AutowiredAnnotationBeanPostProcessor : JSR-330 'javax.inject.Inject' annotation found and supported for autowiring
2018-12-18 10:05:20.108  INFO [order-service] 13076 --- [           main] trationDelegate$BeanPostProcessorChecker : Bean 'configurationPropertiesRebinderAutoConfiguration' of type [org.springframework.cloud.autoconfigure.ConfigurationPropertiesRebinderAutoConfiguration$$EnhancerBySpringCGLIB$$c0f9cb2e] is not eligible for getting processed by all BeanPostProcessors (for example: not eligible for auto-proxying)
2018-12-18 10:05:22.636  INFO [order-service] 13076 --- [           main] c.c.c.ConfigServicePropertySourceLocator : Fetching config from server at: http://localhost:8888
2018-12-18 10:05:24.260  WARN [order-service] 13076 --- [           main] c.c.c.ConfigServicePropertySourceLocator : Could not locate PropertySource: I/O error on GET request for "http://localhost:8888/order-service/default": Connection refused: connect; nested exception is java.net.ConnectException: Connection refused: connect
2018-12-18 10:05:24.306  INFO [order-service] 13076 --- [           main] c.qt.air.cleaner.order.ApplicationTests  : The following profiles are active: dev
2018-12-18 10:05:24.314  INFO [order-service] 13076 --- [           main] o.s.w.c.s.GenericWebApplicationContext   : Refreshing org.springframework.web.context.support.GenericWebApplicationContext@127f9161: startup date [Tue Dec 18 10:05:24 CST 2018]; parent: org.springframework.context.annotation.AnnotationConfigApplicationContext@69637b10
2018-12-18 10:05:28.348  INFO [order-service] 13076 --- [           main] .s.d.r.c.RepositoryConfigurationDelegate : Multiple Spring Data modules found, entering strict repository configuration mode!
2018-12-18 10:05:28.641  INFO [order-service] 13076 --- [           main] .s.d.r.c.RepositoryConfigurationDelegate : Multiple Spring Data modules found, entering strict repository configuration mode!
2018-12-18 10:05:28.759  INFO [order-service] 13076 --- [           main] .RepositoryConfigurationExtensionSupport : Spring Data Redis - Could not safely identify store assignment for repository candidate interface com.qt.air.cleaner.order.repository.TraderRepository.
2018-12-18 10:05:28.774  INFO [order-service] 13076 --- [           main] .RepositoryConfigurationExtensionSupport : Spring Data Redis - Could not safely identify store assignment for repository candidate interface com.qt.air.cleaner.order.repository.InvestorRepository.
2018-12-18 10:05:28.776  INFO [order-service] 13076 --- [           main] .RepositoryConfigurationExtensionSupport : Spring Data Redis - Could not safely identify store assignment for repository candidate interface com.qt.air.cleaner.order.repository.BillingRepository.
2018-12-18 10:05:28.778  INFO [order-service] 13076 --- [           main] .RepositoryConfigurationExtensionSupport : Spring Data Redis - Could not safely identify store assignment for repository candidate interface com.qt.air.cleaner.order.repository.AccountInBoundRepository.
2018-12-18 10:05:28.784  INFO [order-service] 13076 --- [           main] .RepositoryConfigurationExtensionSupport : Spring Data Redis - Could not safely identify store assignment for repository candidate interface com.qt.air.cleaner.order.repository.CompanyRepository.
2018-12-18 10:05:30.161  INFO [order-service] 13076 --- [           main] o.s.cloud.context.scope.GenericScope     : BeanFactory id=5f160d02-a46f-3d16-a340-dbdf43411f27
2018-12-18 10:05:30.600  INFO [order-service] 13076 --- [           main] f.a.AutowiredAnnotationBeanPostProcessor : JSR-330 'javax.inject.Inject' annotation found and supported for autowiring
2018-12-18 10:05:32.004  INFO [order-service] 13076 --- [           main] trationDelegate$BeanPostProcessorChecker : Bean 'org.springframework.transaction.annotation.ProxyTransactionManagementConfiguration' of type [org.springframework.transaction.annotation.ProxyTransactionManagementConfiguration$$EnhancerBySpringCGLIB$$a4dfc831] is not eligible for getting processed by all BeanPostProcessors (for example: not eligible for auto-proxying)
2018-12-18 10:05:32.178  INFO [order-service] 13076 --- [           main] trationDelegate$BeanPostProcessorChecker : Bean 'org.springframework.cloud.autoconfigure.ConfigurationPropertiesRebinderAutoConfiguration' of type [org.springframework.cloud.autoconfigure.ConfigurationPropertiesRebinderAutoConfiguration$$EnhancerBySpringCGLIB$$c0f9cb2e] is not eligible for getting processed by all BeanPostProcessors (for example: not eligible for auto-proxying)
2018-12-18 10:05:39.041  INFO [order-service] 13076 --- [           main] j.LocalContainerEntityManagerFactoryBean : Building JPA container EntityManagerFactory for persistence unit 'default'
2018-12-18 10:05:39.162  INFO [order-service] 13076 --- [           main] o.hibernate.jpa.internal.util.LogHelper  : HHH000204: Processing PersistenceUnitInfo [
	name: default
	...]
2018-12-18 10:05:39.925  INFO [order-service] 13076 --- [           main] org.hibernate.Version                    : HHH000412: Hibernate Core {5.0.12.Final}
2018-12-18 10:05:39.947  INFO [order-service] 13076 --- [           main] org.hibernate.cfg.Environment            : HHH000206: hibernate.properties not found
2018-12-18 10:05:39.972  INFO [order-service] 13076 --- [           main] org.hibernate.cfg.Environment            : HHH000021: Bytecode provider name : javassist
2018-12-18 10:05:40.358  INFO [order-service] 13076 --- [           main] o.hibernate.annotations.common.Version   : HCANN000001: Hibernate Commons Annotations {5.0.1.Final}
2018-12-18 10:05:40.976  INFO [order-service] 13076 --- [           main] org.hibernate.dialect.Dialect            : HHH000400: Using dialect: org.hibernate.dialect.Oracle9iDialect
2018-12-18 10:05:42.551  WARN [order-service] 13076 --- [           main] org.hibernate.id.GUIDGenerator           : HHH000065: DEPRECATED : use [org.hibernate.id.UUIDGenerator] instead with custom [org.hibernate.id.UUIDGenerationStrategy] implementation
2018-12-18 10:05:45.470  INFO [order-service] 13076 --- [           main] j.LocalContainerEntityManagerFactoryBean : Initialized JPA EntityManagerFactory for persistence unit 'default'
2018-12-18 10:05:49.439  INFO [order-service] 13076 --- [           main] o.h.h.i.QueryTranslatorFactoryInitiator  : HHH000397: Using ASTQueryTranslatorFactory
2018-12-18 10:05:58.243  INFO [order-service] 13076 --- [           main] s.w.s.m.m.a.RequestMappingHandlerAdapter : Looking for @ControllerAdvice: org.springframework.web.context.support.GenericWebApplicationContext@127f9161: startup date [Tue Dec 18 10:05:24 CST 2018]; parent: org.springframework.context.annotation.AnnotationConfigApplicationContext@69637b10
2018-12-18 10:05:59.226  INFO [order-service] 13076 --- [           main] s.w.s.m.m.a.RequestMappingHandlerMapping : Mapped "{[/inbound/list],methods=[POST]}" onto public com.qt.air.cleaner.base.dto.ResultInfo com.qt.air.cleaner.order.service.impl.AccountInBoundServiceImpl.queryAccountInbound(com.qt.air.cleaner.base.dto.RequestParame) throws com.qt.air.cleaner.base.exception.BusinessRuntimeException
2018-12-18 10:05:59.239  INFO [order-service] 13076 --- [           main] s.w.s.m.m.a.RequestMappingHandlerMapping : Mapped "{[/create],methods=[POST]}" onto public com.qt.air.cleaner.base.dto.ResultInfo com.qt.air.cleaner.order.service.impl.BillingServiceImpl.createBilling(com.qt.air.cleaner.order.vo.BillingView) throws com.qt.air.cleaner.base.exception.BusinessRuntimeException
2018-12-18 10:05:59.241  INFO [order-service] 13076 --- [           main] s.w.s.m.m.a.RequestMappingHandlerMapping : Mapped "{[/update],methods=[POST]}" onto public com.qt.air.cleaner.base.dto.ResultInfo com.qt.air.cleaner.order.service.impl.BillingServiceImpl.updateBilling(java.lang.String,java.lang.String,java.lang.Integer,java.lang.String,java.lang.String) throws com.qt.air.cleaner.base.exception.BusinessRuntimeException
2018-12-18 10:05:59.243  INFO [order-service] 13076 --- [           main] s.w.s.m.m.a.RequestMappingHandlerMapping : Mapped "{[/updateWeiXin],methods=[POST]}" onto public com.qt.air.cleaner.base.dto.ResultInfo com.qt.air.cleaner.order.service.impl.BillingServiceImpl.updateWeiXin(java.lang.String,java.lang.String) throws com.qt.air.cleaner.base.exception.BusinessRuntimeException
2018-12-18 10:05:59.254  INFO [order-service] 13076 --- [           main] s.w.s.m.m.a.RequestMappingHandlerMapping : Mapped "{[/query],methods=[POST]}" onto public com.qt.air.cleaner.base.dto.ResultInfo com.qt.air.cleaner.order.service.impl.BillingServiceImpl.queryBilling(java.lang.String) throws com.qt.air.cleaner.base.exception.BusinessRuntimeException
2018-12-18 10:05:59.256  INFO [order-service] 13076 --- [           main] s.w.s.m.m.a.RequestMappingHandlerMapping : Mapped "{[/redis]}" onto public com.qt.air.cleaner.base.dto.ResultInfo com.qt.air.cleaner.order.service.impl.BillingServiceImpl.redis(java.lang.String)
2018-12-18 10:05:59.264  INFO [order-service] 13076 --- [           main] s.w.s.m.m.a.RequestMappingHandlerMapping : Mapped "{[/error]}" onto public org.springframework.http.ResponseEntity<java.util.Map<java.lang.String, java.lang.Object>> org.springframework.boot.autoconfigure.web.BasicErrorController.error(javax.servlet.http.HttpServletRequest)
2018-12-18 10:05:59.269  INFO [order-service] 13076 --- [           main] s.w.s.m.m.a.RequestMappingHandlerMapping : Mapped "{[/error],produces=[text/html]}" onto public org.springframework.web.servlet.ModelAndView org.springframework.boot.autoconfigure.web.BasicErrorController.errorHtml(javax.servlet.http.HttpServletRequest,javax.servlet.http.HttpServletResponse)
2018-12-18 10:05:59.571  INFO [order-service] 13076 --- [           main] o.s.w.s.handler.SimpleUrlHandlerMapping  : Mapped URL path [/webjars/**] onto handler of type [class org.springframework.web.servlet.resource.ResourceHttpRequestHandler]
2018-12-18 10:05:59.571  INFO [order-service] 13076 --- [           main] o.s.w.s.handler.SimpleUrlHandlerMapping  : Mapped URL path [/**] onto handler of type [class org.springframework.web.servlet.resource.ResourceHttpRequestHandler]
2018-12-18 10:05:59.872  INFO [order-service] 13076 --- [           main] o.s.w.s.handler.SimpleUrlHandlerMapping  : Mapped URL path [/**/favicon.ico] onto handler of type [class org.springframework.web.servlet.resource.ResourceHttpRequestHandler]
2018-12-18 10:06:03.733  INFO [order-service] 13076 --- [           main] o.s.b.a.e.mvc.EndpointHandlerMapping     : Mapped "{[/env/{name:.*}],methods=[GET],produces=[application/vnd.spring-boot.actuator.v1+json || application/json]}" onto public java.lang.Object org.springframework.boot.actuate.endpoint.mvc.EnvironmentMvcEndpoint.value(java.lang.String)
2018-12-18 10:06:03.734  INFO [order-service] 13076 --- [           main] o.s.b.a.e.mvc.EndpointHandlerMapping     : Mapped "{[/env || /env.json],methods=[GET],produces=[application/vnd.spring-boot.actuator.v1+json || application/json]}" onto public java.lang.Object org.springframework.boot.actuate.endpoint.mvc.EndpointMvcAdapter.invoke()
2018-12-18 10:06:03.736  INFO [order-service] 13076 --- [           main] o.s.b.a.e.mvc.EndpointHandlerMapping     : Mapped "{[/dump || /dump.json],methods=[GET],produces=[application/vnd.spring-boot.actuator.v1+json || application/json]}" onto public java.lang.Object org.springframework.boot.actuate.endpoint.mvc.EndpointMvcAdapter.invoke()
2018-12-18 10:06:03.741  INFO [order-service] 13076 --- [           main] o.s.b.a.e.mvc.EndpointHandlerMapping     : Mapped "{[/heapdump || /heapdump.json],methods=[GET],produces=[application/octet-stream]}" onto public void org.springframework.boot.actuate.endpoint.mvc.HeapdumpMvcEndpoint.invoke(boolean,javax.servlet.http.HttpServletRequest,javax.servlet.http.HttpServletResponse) throws java.io.IOException,javax.servlet.ServletException
2018-12-18 10:06:03.742  INFO [order-service] 13076 --- [           main] o.s.b.a.e.mvc.EndpointHandlerMapping     : Mapped "{[/env],methods=[POST]}" onto public java.lang.Object org.springframework.cloud.context.environment.EnvironmentManagerMvcEndpoint.value(java.util.Map<java.lang.String, java.lang.String>)
2018-12-18 10:06:03.743  INFO [order-service] 13076 --- [           main] o.s.b.a.e.mvc.EndpointHandlerMapping     : Mapped "{[/env/reset],methods=[POST]}" onto public java.util.Map<java.lang.String, java.lang.Object> org.springframework.cloud.context.environment.EnvironmentManagerMvcEndpoint.reset()
2018-12-18 10:06:03.745  INFO [order-service] 13076 --- [           main] o.s.b.a.e.mvc.EndpointHandlerMapping     : Mapped "{[/auditevents || /auditevents.json],methods=[GET],produces=[application/vnd.spring-boot.actuator.v1+json || application/json]}" onto public org.springframework.http.ResponseEntity<?> org.springframework.boot.actuate.endpoint.mvc.AuditEventsMvcEndpoint.findByPrincipalAndAfterAndType(java.lang.String,java.util.Date,java.lang.String)
2018-12-18 10:06:03.747  INFO [order-service] 13076 --- [           main] o.s.b.a.e.mvc.EndpointHandlerMapping     : Mapped "{[/trace || /trace.json],methods=[GET],produces=[application/vnd.spring-boot.actuator.v1+json || application/json]}" onto public java.lang.Object org.springframework.boot.actuate.endpoint.mvc.EndpointMvcAdapter.invoke()
2018-12-18 10:06:03.813  INFO [order-service] 13076 --- [           main] o.s.b.a.e.mvc.EndpointHandlerMapping     : Mapped "{[/loggers/{name:.*}],methods=[GET],produces=[application/vnd.spring-boot.actuator.v1+json || application/json]}" onto public java.lang.Object org.springframework.boot.actuate.endpoint.mvc.LoggersMvcEndpoint.get(java.lang.String)
2018-12-18 10:06:03.834  INFO [order-service] 13076 --- [           main] o.s.b.a.e.mvc.EndpointHandlerMapping     : Mapped "{[/loggers/{name:.*}],methods=[POST],consumes=[application/vnd.spring-boot.actuator.v1+json || application/json],produces=[application/vnd.spring-boot.actuator.v1+json || application/json]}" onto public java.lang.Object org.springframework.boot.actuate.endpoint.mvc.LoggersMvcEndpoint.set(java.lang.String,java.util.Map<java.lang.String, java.lang.String>)
2018-12-18 10:06:03.837  INFO [order-service] 13076 --- [           main] o.s.b.a.e.mvc.EndpointHandlerMapping     : Mapped "{[/loggers || /loggers.json],methods=[GET],produces=[application/vnd.spring-boot.actuator.v1+json || application/json]}" onto public java.lang.Object org.springframework.boot.actuate.endpoint.mvc.EndpointMvcAdapter.invoke()
2018-12-18 10:06:03.840  INFO [order-service] 13076 --- [           main] o.s.b.a.e.mvc.EndpointHandlerMapping     : Mapped "{[/configprops || /configprops.json],methods=[GET],produces=[application/vnd.spring-boot.actuator.v1+json || application/json]}" onto public java.lang.Object org.springframework.boot.actuate.endpoint.mvc.EndpointMvcAdapter.invoke()
2018-12-18 10:06:03.847  INFO [order-service] 13076 --- [           main] o.s.b.a.e.mvc.EndpointHandlerMapping     : Mapped "{[/beans || /beans.json],methods=[GET],produces=[application/vnd.spring-boot.actuator.v1+json || application/json]}" onto public java.lang.Object org.springframework.boot.actuate.endpoint.mvc.EndpointMvcAdapter.invoke()
2018-12-18 10:06:03.855  INFO [order-service] 13076 --- [           main] o.s.b.a.e.mvc.EndpointHandlerMapping     : Mapped "{[/autoconfig || /autoconfig.json],methods=[GET],produces=[application/vnd.spring-boot.actuator.v1+json || application/json]}" onto public java.lang.Object org.springframework.boot.actuate.endpoint.mvc.EndpointMvcAdapter.invoke()
2018-12-18 10:06:03.863  INFO [order-service] 13076 --- [           main] o.s.b.a.e.mvc.EndpointHandlerMapping     : Mapped "{[/archaius || /archaius.json],methods=[GET],produces=[application/vnd.spring-boot.actuator.v1+json || application/json]}" onto public java.lang.Object org.springframework.boot.actuate.endpoint.mvc.EndpointMvcAdapter.invoke()
2018-12-18 10:06:03.865  INFO [order-service] 13076 --- [           main] o.s.b.a.e.mvc.EndpointHandlerMapping     : Mapped "{[/restart || /restart.json],methods=[POST]}" onto public java.lang.Object org.springframework.cloud.context.restart.RestartMvcEndpoint.invoke()
2018-12-18 10:06:03.868  INFO [order-service] 13076 --- [           main] o.s.b.a.e.mvc.EndpointHandlerMapping     : Mapped "{[/resume || /resume.json],methods=[POST]}" onto public java.lang.Object org.springframework.cloud.endpoint.GenericPostableMvcEndpoint.invoke()
2018-12-18 10:06:03.869  INFO [order-service] 13076 --- [           main] o.s.b.a.e.mvc.EndpointHandlerMapping     : Mapped "{[/features || /features.json],methods=[GET],produces=[application/vnd.spring-boot.actuator.v1+json || application/json]}" onto public java.lang.Object org.springframework.boot.actuate.endpoint.mvc.EndpointMvcAdapter.invoke()
2018-12-18 10:06:03.873  INFO [order-service] 13076 --- [           main] o.s.b.a.e.mvc.EndpointHandlerMapping     : Mapped "{[/refresh || /refresh.json],methods=[POST]}" onto public java.lang.Object org.springframework.cloud.endpoint.GenericPostableMvcEndpoint.invoke()
2018-12-18 10:06:03.877  INFO [order-service] 13076 --- [           main] o.s.b.a.e.mvc.EndpointHandlerMapping     : Mapped "{[/pause || /pause.json],methods=[POST]}" onto public java.lang.Object org.springframework.cloud.endpoint.GenericPostableMvcEndpoint.invoke()
2018-12-18 10:06:03.879  INFO [order-service] 13076 --- [           main] o.s.b.a.e.mvc.EndpointHandlerMapping     : Mapped "{[/mappings || /mappings.json],methods=[GET],produces=[application/vnd.spring-boot.actuator.v1+json || application/json]}" onto public java.lang.Object org.springframework.boot.actuate.endpoint.mvc.EndpointMvcAdapter.invoke()
2018-12-18 10:06:03.880  INFO [order-service] 13076 --- [           main] o.s.b.a.e.mvc.EndpointHandlerMapping     : Mapped "{[/info || /info.json],methods=[GET],produces=[application/vnd.spring-boot.actuator.v1+json || application/json]}" onto public java.lang.Object org.springframework.boot.actuate.endpoint.mvc.EndpointMvcAdapter.invoke()
2018-12-18 10:06:03.882  INFO [order-service] 13076 --- [           main] o.s.b.a.e.mvc.EndpointHandlerMapping     : Mapped "{[/health || /health.json],methods=[GET],produces=[application/vnd.spring-boot.actuator.v1+json || application/json]}" onto public java.lang.Object org.springframework.boot.actuate.endpoint.mvc.HealthMvcEndpoint.invoke(javax.servlet.http.HttpServletRequest,java.security.Principal)
2018-12-18 10:06:03.917  INFO [order-service] 13076 --- [           main] o.s.b.a.e.mvc.EndpointHandlerMapping     : Mapped "{[/metrics/{name:.*}],methods=[GET],produces=[application/vnd.spring-boot.actuator.v1+json || application/json]}" onto public java.lang.Object org.springframework.boot.actuate.endpoint.mvc.MetricsMvcEndpoint.value(java.lang.String)
2018-12-18 10:06:03.922  INFO [order-service] 13076 --- [           main] o.s.b.a.e.mvc.EndpointHandlerMapping     : Mapped "{[/metrics || /metrics.json],methods=[GET],produces=[application/vnd.spring-boot.actuator.v1+json || application/json]}" onto public java.lang.Object org.springframework.boot.actuate.endpoint.mvc.EndpointMvcAdapter.invoke()
2018-12-18 10:06:06.369  WARN [order-service] 13076 --- [           main] c.n.c.sources.URLConfigurationSource     : No URLs will be polled as dynamic configuration sources.
2018-12-18 10:06:06.369  INFO [order-service] 13076 --- [           main] c.n.c.sources.URLConfigurationSource     : To enable URLs as dynamic configuration sources, define System property archaius.configurationSource.additionalUrls or make config.properties available on classpath.
2018-12-18 10:06:06.409  WARN [order-service] 13076 --- [           main] c.n.c.sources.URLConfigurationSource     : No URLs will be polled as dynamic configuration sources.
2018-12-18 10:06:06.410  INFO [order-service] 13076 --- [           main] c.n.c.sources.URLConfigurationSource     : To enable URLs as dynamic configuration sources, define System property archaius.configurationSource.additionalUrls or make config.properties available on classpath.
2018-12-18 10:06:08.419  INFO [order-service] 13076 --- [           main] o.s.c.support.DefaultLifecycleProcessor  : Starting beans in phase 0
2018-12-18 10:06:08.504  INFO [order-service] 13076 --- [           main] c.qt.air.cleaner.order.ApplicationTests  : Started ApplicationTests in 54.744 seconds (JVM running for 58.562)
2018-12-18 10:06:08.864  INFO [order-service] 13076 --- [      Thread-12] o.s.w.c.s.GenericWebApplicationContext   : Closing org.springframework.web.context.support.GenericWebApplicationContext@127f9161: startup date [Tue Dec 18 10:05:24 CST 2018]; parent: org.springframework.context.annotation.AnnotationConfigApplicationContext@69637b10
2018-12-18 10:06:08.885  INFO [order-service] 13076 --- [      Thread-12] o.s.c.n.eureka.InstanceInfoFactory       : Setting initial instance status as: STARTING
2018-12-18 10:06:08.959  INFO [order-service] 13076 --- [      Thread-12] c.n.e.EurekaDiscoveryClientConfiguration : Unregistering application order-service with eureka with status DOWN
2018-12-18 10:06:11.137  INFO [order-service] 13076 --- [      Thread-12] c.n.d.provider.DiscoveryJerseyProvider   : Using JSON encoding codec LegacyJacksonJson
2018-12-18 10:06:11.138  INFO [order-service] 13076 --- [      Thread-12] c.n.d.provider.DiscoveryJerseyProvider   : Using JSON decoding codec LegacyJacksonJson
2018-12-18 10:06:11.914  INFO [order-service] 13076 --- [      Thread-12] c.n.d.provider.DiscoveryJerseyProvider   : Using XML encoding codec XStreamXml
2018-12-18 10:06:11.915  INFO [order-service] 13076 --- [      Thread-12] c.n.d.provider.DiscoveryJerseyProvider   : Using XML decoding codec XStreamXml
2018-12-18 10:06:13.415  INFO [order-service] 13076 --- [      Thread-12] c.n.d.s.r.aws.ConfigClusterResolver      : Resolving eureka endpoints via configuration
2018-12-18 10:06:14.980  INFO [order-service] 13076 --- [      Thread-12] com.netflix.discovery.DiscoveryClient    : Disable delta property : false
2018-12-18 10:06:14.982  INFO [order-service] 13076 --- [      Thread-12] com.netflix.discovery.DiscoveryClient    : Single vip registry refresh property : null
2018-12-18 10:06:14.983  INFO [order-service] 13076 --- [      Thread-12] com.netflix.discovery.DiscoveryClient    : Force full registry fetch : false
2018-12-18 10:06:14.984  INFO [order-service] 13076 --- [      Thread-12] com.netflix.discovery.DiscoveryClient    : Application is null : false
2018-12-18 10:06:14.984  INFO [order-service] 13076 --- [      Thread-12] com.netflix.discovery.DiscoveryClient    : Registered Applications size is zero : true
2018-12-18 10:06:14.985  INFO [order-service] 13076 --- [      Thread-12] com.netflix.discovery.DiscoveryClient    : Application version is -1: true
2018-12-18 10:06:14.985  INFO [order-service] 13076 --- [      Thread-12] com.netflix.discovery.DiscoveryClient    : Getting all instance registry info from the eureka server
2018-12-18 10:06:16.031  INFO [order-service] 13076 --- [      Thread-12] com.netflix.discovery.DiscoveryClient    : The response status is 200
2018-12-18 10:06:16.035  INFO [order-service] 13076 --- [      Thread-12] com.netflix.discovery.DiscoveryClient    : Starting heartbeat executor: renew interval is: 30
2018-12-18 10:06:16.078  INFO [order-service] 13076 --- [      Thread-12] c.n.discovery.InstanceInfoReplicator     : InstanceInfoReplicator onDemand update allowed rate per min is 4
2018-12-18 10:06:16.098  INFO [order-service] 13076 --- [      Thread-12] com.netflix.discovery.DiscoveryClient    : Discovery Client initialized at timestamp 1545098776098 with initial instances count: 5
2018-12-18 10:06:16.240  INFO [order-service] 13076 --- [      Thread-12] com.netflix.discovery.DiscoveryClient    : Shutting down DiscoveryClient ...
2018-12-18 10:06:16.243  INFO [order-service] 13076 --- [      Thread-12] com.netflix.discovery.DiscoveryClient    : Unregistering ...
2018-12-18 10:06:16.286  INFO [order-service] 13076 --- [      Thread-12] com.netflix.discovery.DiscoveryClient    : DiscoveryClient_ORDER-SERVICE/SC-201701131050:order-service:-1 - deregister  status: 404
2018-12-18 10:06:16.305  INFO [order-service] 13076 --- [      Thread-12] com.netflix.discovery.DiscoveryClient    : Completed shut down of DiscoveryClient
2018-12-18 10:06:16.309  INFO [order-service] 13076 --- [      Thread-12] o.s.c.support.DefaultLifecycleProcessor  : Stopping beans in phase 0
2018-12-18 10:06:16.327  INFO [order-service] 13076 --- [      Thread-12] j.LocalContainerEntityManagerFactoryBean : Closing JPA EntityManagerFactory for persistence unit 'default'
