2018-12-17 13:30:17.747  INFO [msg-service] 7304 --- [           main] s.c.a.AnnotationConfigApplicationContext : Refreshing org.springframework.context.annotation.AnnotationConfigApplicationContext@ecf9fb3: startup date [Mon Dec 17 13:30:17 CST 2018]; root of context hierarchy
2018-12-17 13:30:18.663  INFO [msg-service] 7304 --- [           main] f.a.AutowiredAnnotationBeanPostProcessor : JSR-330 'javax.inject.Inject' annotation found and supported for autowiring
2018-12-17 13:30:18.991  INFO [msg-service] 7304 --- [           main] trationDelegate$BeanPostProcessorChecker : Bean 'configurationPropertiesRebinderAutoConfiguration' of type [org.springframework.cloud.autoconfigure.ConfigurationPropertiesRebinderAutoConfiguration$$EnhancerBySpringCGLIB$$c83b281a] is not eligible for getting processed by all BeanPostProcessors (for example: not eligible for auto-proxying)
2018-12-17 13:30:22.007  INFO [msg-service] 7304 --- [           main] c.c.c.ConfigServicePropertySourceLocator : Fetching config from server at: http://localhost:8888
2018-12-17 13:30:23.494  WARN [msg-service] 7304 --- [           main] c.c.c.ConfigServicePropertySourceLocator : Could not locate PropertySource: I/O error on GET request for "http://localhost:8888/msg-service/default": Connection refused: connect; nested exception is java.net.ConnectException: Connection refused: connect
2018-12-17 13:30:23.496  INFO [msg-service] 7304 --- [           main] com.qt.air.cleaner.msg.Application       : The following profiles are active: dev
2018-12-17 13:30:23.521  INFO [msg-service] 7304 --- [           main] ationConfigEmbeddedWebApplicationContext : Refreshing org.springframework.boot.context.embedded.AnnotationConfigEmbeddedWebApplicationContext@1a6cf771: startup date [Mon Dec 17 13:30:23 CST 2018]; parent: org.springframework.context.annotation.AnnotationConfigApplicationContext@ecf9fb3
2018-12-17 13:30:27.159  INFO [msg-service] 7304 --- [           main] .s.d.r.c.RepositoryConfigurationDelegate : Multiple Spring Data modules found, entering strict repository configuration mode!
2018-12-17 13:30:27.249  INFO [msg-service] 7304 --- [           main] .s.d.r.c.RepositoryConfigurationDelegate : Multiple Spring Data modules found, entering strict repository configuration mode!
2018-12-17 13:30:28.303  INFO [msg-service] 7304 --- [           main] o.s.cloud.context.scope.GenericScope     : BeanFactory id=fe096896-91f0-386e-a6fb-51778d6429d1
2018-12-17 13:30:28.430  INFO [msg-service] 7304 --- [           main] f.a.AutowiredAnnotationBeanPostProcessor : JSR-330 'javax.inject.Inject' annotation found and supported for autowiring
2018-12-17 13:30:29.240  INFO [msg-service] 7304 --- [           main] trationDelegate$BeanPostProcessorChecker : Bean 'org.springframework.transaction.annotation.ProxyTransactionManagementConfiguration' of type [org.springframework.transaction.annotation.ProxyTransactionManagementConfiguration$$EnhancerBySpringCGLIB$$ac21251d] is not eligible for getting processed by all BeanPostProcessors (for example: not eligible for auto-proxying)
2018-12-17 13:30:29.457  INFO [msg-service] 7304 --- [           main] trationDelegate$BeanPostProcessorChecker : Bean 'org.springframework.cloud.autoconfigure.ConfigurationPropertiesRebinderAutoConfiguration' of type [org.springframework.cloud.autoconfigure.ConfigurationPropertiesRebinderAutoConfiguration$$EnhancerBySpringCGLIB$$c83b281a] is not eligible for getting processed by all BeanPostProcessors (for example: not eligible for auto-proxying)
2018-12-17 13:30:30.887  INFO [msg-service] 7304 --- [           main] s.b.c.e.t.TomcatEmbeddedServletContainer : Tomcat initialized with port(s): 3003 (http)
2018-12-17 13:30:30.921  INFO [msg-service] 7304 --- [           main] o.apache.catalina.core.StandardService   : Starting service [Tomcat]
2018-12-17 13:30:30.923  INFO [msg-service] 7304 --- [           main] org.apache.catalina.core.StandardEngine  : Starting Servlet Engine: Apache Tomcat/8.5.23
2018-12-17 13:30:31.612  INFO [msg-service] 7304 --- [ost-startStop-1] o.a.c.c.C.[Tomcat].[localhost].[/]       : Initializing Spring embedded WebApplicationContext
2018-12-17 13:30:31.614  INFO [msg-service] 7304 --- [ost-startStop-1] o.s.web.context.ContextLoader            : Root WebApplicationContext: initialization completed in 8093 ms
2018-12-17 13:30:33.160  INFO [msg-service] 7304 --- [ost-startStop-1] o.s.b.w.servlet.ServletRegistrationBean  : Mapping servlet: 'dispatcherServlet' to [/]
2018-12-17 13:30:33.196  INFO [msg-service] 7304 --- [ost-startStop-1] o.s.b.w.servlet.FilterRegistrationBean   : Mapping filter: 'metricsFilter' to: [/*]
2018-12-17 13:30:33.203  INFO [msg-service] 7304 --- [ost-startStop-1] o.s.b.w.servlet.FilterRegistrationBean   : Mapping filter: 'characterEncodingFilter' to: [/*]
2018-12-17 13:30:33.203  INFO [msg-service] 7304 --- [ost-startStop-1] o.s.b.w.servlet.FilterRegistrationBean   : Mapping filter: 'hiddenHttpMethodFilter' to: [/*]
2018-12-17 13:30:33.204  INFO [msg-service] 7304 --- [ost-startStop-1] o.s.b.w.servlet.FilterRegistrationBean   : Mapping filter: 'httpPutFormContentFilter' to: [/*]
2018-12-17 13:30:33.205  INFO [msg-service] 7304 --- [ost-startStop-1] o.s.b.w.servlet.FilterRegistrationBean   : Mapping filter: 'requestContextFilter' to: [/*]
2018-12-17 13:30:33.206  INFO [msg-service] 7304 --- [ost-startStop-1] o.s.b.w.servlet.FilterRegistrationBean   : Mapping filter: 'webRequestLoggingFilter' to: [/*]
2018-12-17 13:30:33.207  INFO [msg-service] 7304 --- [ost-startStop-1] o.s.b.w.servlet.FilterRegistrationBean   : Mapping filter: 'applicationContextIdFilter' to: [/*]
2018-12-17 13:30:35.528  INFO [msg-service] 7304 --- [           main] j.LocalContainerEntityManagerFactoryBean : Building JPA container EntityManagerFactory for persistence unit 'default'
2018-12-17 13:30:35.574  INFO [msg-service] 7304 --- [           main] o.hibernate.jpa.internal.util.LogHelper  : HHH000204: Processing PersistenceUnitInfo [
	name: default
	...]
2018-12-17 13:30:36.365  INFO [msg-service] 7304 --- [           main] org.hibernate.Version                    : HHH000412: Hibernate Core {5.0.12.Final}
2018-12-17 13:30:36.374  INFO [msg-service] 7304 --- [           main] org.hibernate.cfg.Environment            : HHH000206: hibernate.properties not found
2018-12-17 13:30:36.378  INFO [msg-service] 7304 --- [           main] org.hibernate.cfg.Environment            : HHH000021: Bytecode provider name : javassist
2018-12-17 13:30:36.669  INFO [msg-service] 7304 --- [           main] o.hibernate.annotations.common.Version   : HCANN000001: Hibernate Commons Annotations {5.0.1.Final}
2018-12-17 13:30:37.258  INFO [msg-service] 7304 --- [           main] org.hibernate.dialect.Dialect            : HHH000400: Using dialect: org.hibernate.dialect.Oracle9iDialect
2018-12-17 13:30:38.507  INFO [msg-service] 7304 --- [           main] j.LocalContainerEntityManagerFactoryBean : Initialized JPA EntityManagerFactory for persistence unit 'default'
2018-12-17 13:30:43.261  INFO [msg-service] 7304 --- [           main] s.w.s.m.m.a.RequestMappingHandlerAdapter : Looking for @ControllerAdvice: org.springframework.boot.context.embedded.AnnotationConfigEmbeddedWebApplicationContext@1a6cf771: startup date [Mon Dec 17 13:30:23 CST 2018]; parent: org.springframework.context.annotation.AnnotationConfigApplicationContext@ecf9fb3
2018-12-17 13:30:43.900  INFO [msg-service] 7304 --- [           main] s.w.s.m.m.a.RequestMappingHandlerMapping : Mapped "{[/sendSms/{phoneNumber}]}" onto public com.qt.air.cleaner.base.dto.ResultInfo com.qt.air.cleaner.msg.service.impl.MsgServiceImpl.sendSms(java.lang.String)
2018-12-17 13:30:43.906  INFO [msg-service] 7304 --- [           main] s.w.s.m.m.a.RequestMappingHandlerMapping : Mapped "{[/error]}" onto public org.springframework.http.ResponseEntity<java.util.Map<java.lang.String, java.lang.Object>> org.springframework.boot.autoconfigure.web.BasicErrorController.error(javax.servlet.http.HttpServletRequest)
2018-12-17 13:30:43.907  INFO [msg-service] 7304 --- [           main] s.w.s.m.m.a.RequestMappingHandlerMapping : Mapped "{[/error],produces=[text/html]}" onto public org.springframework.web.servlet.ModelAndView org.springframework.boot.autoconfigure.web.BasicErrorController.errorHtml(javax.servlet.http.HttpServletRequest,javax.servlet.http.HttpServletResponse)
2018-12-17 13:30:44.175  INFO [msg-service] 7304 --- [           main] o.s.w.s.handler.SimpleUrlHandlerMapping  : Mapped URL path [/webjars/**] onto handler of type [class org.springframework.web.servlet.resource.ResourceHttpRequestHandler]
2018-12-17 13:30:44.180  INFO [msg-service] 7304 --- [           main] o.s.w.s.handler.SimpleUrlHandlerMapping  : Mapped URL path [/**] onto handler of type [class org.springframework.web.servlet.resource.ResourceHttpRequestHandler]
2018-12-17 13:30:44.479  INFO [msg-service] 7304 --- [           main] o.s.w.s.handler.SimpleUrlHandlerMapping  : Mapped URL path [/**/favicon.ico] onto handler of type [class org.springframework.web.servlet.resource.ResourceHttpRequestHandler]
2018-12-17 13:30:48.340  INFO [msg-service] 7304 --- [           main] o.s.b.a.e.mvc.EndpointHandlerMapping     : Mapped "{[/trace || /trace.json],methods=[GET],produces=[application/vnd.spring-boot.actuator.v1+json || application/json]}" onto public java.lang.Object org.springframework.boot.actuate.endpoint.mvc.EndpointMvcAdapter.invoke()
2018-12-17 13:30:48.342  INFO [msg-service] 7304 --- [           main] o.s.b.a.e.mvc.EndpointHandlerMapping     : Mapped "{[/restart || /restart.json],methods=[POST]}" onto public java.lang.Object org.springframework.cloud.context.restart.RestartMvcEndpoint.invoke()
2018-12-17 13:30:48.344  INFO [msg-service] 7304 --- [           main] o.s.b.a.e.mvc.EndpointHandlerMapping     : Mapped "{[/info || /info.json],methods=[GET],produces=[application/vnd.spring-boot.actuator.v1+json || application/json]}" onto public java.lang.Object org.springframework.boot.actuate.endpoint.mvc.EndpointMvcAdapter.invoke()
2018-12-17 13:30:48.350  INFO [msg-service] 7304 --- [           main] o.s.b.a.e.mvc.EndpointHandlerMapping     : Mapped "{[/autoconfig || /autoconfig.json],methods=[GET],produces=[application/vnd.spring-boot.actuator.v1+json || application/json]}" onto public java.lang.Object org.springframework.boot.actuate.endpoint.mvc.EndpointMvcAdapter.invoke()
2018-12-17 13:30:48.355  INFO [msg-service] 7304 --- [           main] o.s.b.a.e.mvc.EndpointHandlerMapping     : Mapped "{[/auditevents || /auditevents.json],methods=[GET],produces=[application/vnd.spring-boot.actuator.v1+json || application/json]}" onto public org.springframework.http.ResponseEntity<?> org.springframework.boot.actuate.endpoint.mvc.AuditEventsMvcEndpoint.findByPrincipalAndAfterAndType(java.lang.String,java.util.Date,java.lang.String)
2018-12-17 13:30:48.358  INFO [msg-service] 7304 --- [           main] o.s.b.a.e.mvc.EndpointHandlerMapping     : Mapped "{[/beans || /beans.json],methods=[GET],produces=[application/vnd.spring-boot.actuator.v1+json || application/json]}" onto public java.lang.Object org.springframework.boot.actuate.endpoint.mvc.EndpointMvcAdapter.invoke()
2018-12-17 13:30:48.363  INFO [msg-service] 7304 --- [           main] o.s.b.a.e.mvc.EndpointHandlerMapping     : Mapped "{[/heapdump || /heapdump.json],methods=[GET],produces=[application/octet-stream]}" onto public void org.springframework.boot.actuate.endpoint.mvc.HeapdumpMvcEndpoint.invoke(boolean,javax.servlet.http.HttpServletRequest,javax.servlet.http.HttpServletResponse) throws java.io.IOException,javax.servlet.ServletException
2018-12-17 13:30:48.368  INFO [msg-service] 7304 --- [           main] o.s.b.a.e.mvc.EndpointHandlerMapping     : Mapped "{[/features || /features.json],methods=[GET],produces=[application/vnd.spring-boot.actuator.v1+json || application/json]}" onto public java.lang.Object org.springframework.boot.actuate.endpoint.mvc.EndpointMvcAdapter.invoke()
2018-12-17 13:30:48.370  INFO [msg-service] 7304 --- [           main] o.s.b.a.e.mvc.EndpointHandlerMapping     : Mapped "{[/env],methods=[POST]}" onto public java.lang.Object org.springframework.cloud.context.environment.EnvironmentManagerMvcEndpoint.value(java.util.Map<java.lang.String, java.lang.String>)
2018-12-17 13:30:48.371  INFO [msg-service] 7304 --- [           main] o.s.b.a.e.mvc.EndpointHandlerMapping     : Mapped "{[/env/reset],methods=[POST]}" onto public java.util.Map<java.lang.String, java.lang.Object> org.springframework.cloud.context.environment.EnvironmentManagerMvcEndpoint.reset()
2018-12-17 13:30:48.375  INFO [msg-service] 7304 --- [           main] o.s.b.a.e.mvc.EndpointHandlerMapping     : Mapped "{[/dump || /dump.json],methods=[GET],produces=[application/vnd.spring-boot.actuator.v1+json || application/json]}" onto public java.lang.Object org.springframework.boot.actuate.endpoint.mvc.EndpointMvcAdapter.invoke()
2018-12-17 13:30:48.382  INFO [msg-service] 7304 --- [           main] o.s.b.a.e.mvc.EndpointHandlerMapping     : Mapped "{[/metrics/{name:.*}],methods=[GET],produces=[application/vnd.spring-boot.actuator.v1+json || application/json]}" onto public java.lang.Object org.springframework.boot.actuate.endpoint.mvc.MetricsMvcEndpoint.value(java.lang.String)
2018-12-17 13:30:48.383  INFO [msg-service] 7304 --- [           main] o.s.b.a.e.mvc.EndpointHandlerMapping     : Mapped "{[/metrics || /metrics.json],methods=[GET],produces=[application/vnd.spring-boot.actuator.v1+json || application/json]}" onto public java.lang.Object org.springframework.boot.actuate.endpoint.mvc.EndpointMvcAdapter.invoke()
2018-12-17 13:30:48.390  INFO [msg-service] 7304 --- [           main] o.s.b.a.e.mvc.EndpointHandlerMapping     : Mapped "{[/health || /health.json],methods=[GET],produces=[application/vnd.spring-boot.actuator.v1+json || application/json]}" onto public java.lang.Object org.springframework.boot.actuate.endpoint.mvc.HealthMvcEndpoint.invoke(javax.servlet.http.HttpServletRequest,java.security.Principal)
2018-12-17 13:30:48.393  INFO [msg-service] 7304 --- [           main] o.s.b.a.e.mvc.EndpointHandlerMapping     : Mapped "{[/resume || /resume.json],methods=[POST]}" onto public java.lang.Object org.springframework.cloud.endpoint.GenericPostableMvcEndpoint.invoke()
2018-12-17 13:30:48.396  INFO [msg-service] 7304 --- [           main] o.s.b.a.e.mvc.EndpointHandlerMapping     : Mapped "{[/archaius || /archaius.json],methods=[GET],produces=[application/vnd.spring-boot.actuator.v1+json || application/json]}" onto public java.lang.Object org.springframework.boot.actuate.endpoint.mvc.EndpointMvcAdapter.invoke()
2018-12-17 13:30:48.397  INFO [msg-service] 7304 --- [           main] o.s.b.a.e.mvc.EndpointHandlerMapping     : Mapped "{[/configprops || /configprops.json],methods=[GET],produces=[application/vnd.spring-boot.actuator.v1+json || application/json]}" onto public java.lang.Object org.springframework.boot.actuate.endpoint.mvc.EndpointMvcAdapter.invoke()
2018-12-17 13:30:48.403  INFO [msg-service] 7304 --- [           main] o.s.b.a.e.mvc.EndpointHandlerMapping     : Mapped "{[/loggers/{name:.*}],methods=[GET],produces=[application/vnd.spring-boot.actuator.v1+json || application/json]}" onto public java.lang.Object org.springframework.boot.actuate.endpoint.mvc.LoggersMvcEndpoint.get(java.lang.String)
2018-12-17 13:30:48.404  INFO [msg-service] 7304 --- [           main] o.s.b.a.e.mvc.EndpointHandlerMapping     : Mapped "{[/loggers/{name:.*}],methods=[POST],consumes=[application/vnd.spring-boot.actuator.v1+json || application/json],produces=[application/vnd.spring-boot.actuator.v1+json || application/json]}" onto public java.lang.Object org.springframework.boot.actuate.endpoint.mvc.LoggersMvcEndpoint.set(java.lang.String,java.util.Map<java.lang.String, java.lang.String>)
2018-12-17 13:30:48.405  INFO [msg-service] 7304 --- [           main] o.s.b.a.e.mvc.EndpointHandlerMapping     : Mapped "{[/loggers || /loggers.json],methods=[GET],produces=[application/vnd.spring-boot.actuator.v1+json || application/json]}" onto public java.lang.Object org.springframework.boot.actuate.endpoint.mvc.EndpointMvcAdapter.invoke()
2018-12-17 13:30:48.407  INFO [msg-service] 7304 --- [           main] o.s.b.a.e.mvc.EndpointHandlerMapping     : Mapped "{[/pause || /pause.json],methods=[POST]}" onto public java.lang.Object org.springframework.cloud.endpoint.GenericPostableMvcEndpoint.invoke()
2018-12-17 13:30:48.410  INFO [msg-service] 7304 --- [           main] o.s.b.a.e.mvc.EndpointHandlerMapping     : Mapped "{[/env/{name:.*}],methods=[GET],produces=[application/vnd.spring-boot.actuator.v1+json || application/json]}" onto public java.lang.Object org.springframework.boot.actuate.endpoint.mvc.EnvironmentMvcEndpoint.value(java.lang.String)
2018-12-17 13:30:48.411  INFO [msg-service] 7304 --- [           main] o.s.b.a.e.mvc.EndpointHandlerMapping     : Mapped "{[/env || /env.json],methods=[GET],produces=[application/vnd.spring-boot.actuator.v1+json || application/json]}" onto public java.lang.Object org.springframework.boot.actuate.endpoint.mvc.EndpointMvcAdapter.invoke()
2018-12-17 13:30:48.418  INFO [msg-service] 7304 --- [           main] o.s.b.a.e.mvc.EndpointHandlerMapping     : Mapped "{[/mappings || /mappings.json],methods=[GET],produces=[application/vnd.spring-boot.actuator.v1+json || application/json]}" onto public java.lang.Object org.springframework.boot.actuate.endpoint.mvc.EndpointMvcAdapter.invoke()
2018-12-17 13:30:48.422  INFO [msg-service] 7304 --- [           main] o.s.b.a.e.mvc.EndpointHandlerMapping     : Mapped "{[/refresh || /refresh.json],methods=[POST]}" onto public java.lang.Object org.springframework.cloud.endpoint.GenericPostableMvcEndpoint.invoke()
2018-12-17 13:30:50.509  WARN [msg-service] 7304 --- [           main] c.n.c.sources.URLConfigurationSource     : No URLs will be polled as dynamic configuration sources.
2018-12-17 13:30:50.511  INFO [msg-service] 7304 --- [           main] c.n.c.sources.URLConfigurationSource     : To enable URLs as dynamic configuration sources, define System property archaius.configurationSource.additionalUrls or make config.properties available on classpath.
2018-12-17 13:30:50.528  WARN [msg-service] 7304 --- [           main] c.n.c.sources.URLConfigurationSource     : No URLs will be polled as dynamic configuration sources.
2018-12-17 13:30:50.529  INFO [msg-service] 7304 --- [           main] c.n.c.sources.URLConfigurationSource     : To enable URLs as dynamic configuration sources, define System property archaius.configurationSource.additionalUrls or make config.properties available on classpath.
2018-12-17 13:30:52.001  INFO [msg-service] 7304 --- [           main] o.s.j.e.a.AnnotationMBeanExporter        : Registering beans for JMX exposure on startup
2018-12-17 13:30:52.049  INFO [msg-service] 7304 --- [           main] o.s.j.e.a.AnnotationMBeanExporter        : Bean with name 'environmentManager' has been autodetected for JMX exposure
2018-12-17 13:30:52.067  INFO [msg-service] 7304 --- [           main] o.s.j.e.a.AnnotationMBeanExporter        : Bean with name 'configurationPropertiesRebinder' has been autodetected for JMX exposure
2018-12-17 13:30:52.068  INFO [msg-service] 7304 --- [           main] o.s.j.e.a.AnnotationMBeanExporter        : Bean with name 'refreshEndpoint' has been autodetected for JMX exposure
2018-12-17 13:30:52.069  INFO [msg-service] 7304 --- [           main] o.s.j.e.a.AnnotationMBeanExporter        : Bean with name 'restartEndpoint' has been autodetected for JMX exposure
2018-12-17 13:30:52.072  INFO [msg-service] 7304 --- [           main] o.s.j.e.a.AnnotationMBeanExporter        : Bean with name 'refreshScope' has been autodetected for JMX exposure
2018-12-17 13:30:52.078  INFO [msg-service] 7304 --- [           main] o.s.j.e.a.AnnotationMBeanExporter        : Located managed bean 'environmentManager': registering with JMX server as MBean [org.springframework.cloud.context.environment:name=environmentManager,type=EnvironmentManager]
2018-12-17 13:30:52.142  INFO [msg-service] 7304 --- [           main] o.s.j.e.a.AnnotationMBeanExporter        : Located managed bean 'restartEndpoint': registering with JMX server as MBean [org.springframework.cloud.context.restart:name=restartEndpoint,type=RestartEndpoint]
2018-12-17 13:30:52.195  INFO [msg-service] 7304 --- [           main] o.s.j.e.a.AnnotationMBeanExporter        : Located managed bean 'refreshScope': registering with JMX server as MBean [org.springframework.cloud.context.scope.refresh:name=refreshScope,type=RefreshScope]
2018-12-17 13:30:52.289  INFO [msg-service] 7304 --- [           main] o.s.j.e.a.AnnotationMBeanExporter        : Located managed bean 'configurationPropertiesRebinder': registering with JMX server as MBean [org.springframework.cloud.context.properties:name=configurationPropertiesRebinder,context=1a6cf771,type=ConfigurationPropertiesRebinder]
2018-12-17 13:30:52.328  INFO [msg-service] 7304 --- [           main] o.s.j.e.a.AnnotationMBeanExporter        : Located managed bean 'refreshEndpoint': registering with JMX server as MBean [org.springframework.cloud.endpoint:name=refreshEndpoint,type=RefreshEndpoint]
2018-12-17 13:30:53.545  INFO [msg-service] 7304 --- [           main] o.s.c.support.DefaultLifecycleProcessor  : Starting beans in phase 0
2018-12-17 13:30:53.587  INFO [msg-service] 7304 --- [           main] o.s.c.n.eureka.InstanceInfoFactory       : Setting initial instance status as: STARTING
2018-12-17 13:30:54.619  INFO [msg-service] 7304 --- [           main] c.n.d.provider.DiscoveryJerseyProvider   : Using JSON encoding codec LegacyJacksonJson
2018-12-17 13:30:54.620  INFO [msg-service] 7304 --- [           main] c.n.d.provider.DiscoveryJerseyProvider   : Using JSON decoding codec LegacyJacksonJson
2018-12-17 13:30:55.149  INFO [msg-service] 7304 --- [           main] c.n.d.provider.DiscoveryJerseyProvider   : Using XML encoding codec XStreamXml
2018-12-17 13:30:55.152  INFO [msg-service] 7304 --- [           main] c.n.d.provider.DiscoveryJerseyProvider   : Using XML decoding codec XStreamXml
2018-12-17 13:30:56.802  INFO [msg-service] 7304 --- [           main] c.n.d.s.r.aws.ConfigClusterResolver      : Resolving eureka endpoints via configuration
2018-12-17 13:30:57.601  INFO [msg-service] 7304 --- [           main] com.netflix.discovery.DiscoveryClient    : Disable delta property : false
2018-12-17 13:30:57.601  INFO [msg-service] 7304 --- [           main] com.netflix.discovery.DiscoveryClient    : Single vip registry refresh property : null
2018-12-17 13:30:57.602  INFO [msg-service] 7304 --- [           main] com.netflix.discovery.DiscoveryClient    : Force full registry fetch : false
2018-12-17 13:30:57.602  INFO [msg-service] 7304 --- [           main] com.netflix.discovery.DiscoveryClient    : Application is null : false
2018-12-17 13:30:57.602  INFO [msg-service] 7304 --- [           main] com.netflix.discovery.DiscoveryClient    : Registered Applications size is zero : true
2018-12-17 13:30:57.602  INFO [msg-service] 7304 --- [           main] com.netflix.discovery.DiscoveryClient    : Application version is -1: true
2018-12-17 13:30:57.602  INFO [msg-service] 7304 --- [           main] com.netflix.discovery.DiscoveryClient    : Getting all instance registry info from the eureka server
2018-12-17 13:30:58.302  INFO [msg-service] 7304 --- [           main] com.netflix.discovery.DiscoveryClient    : The response status is 200
2018-12-17 13:30:58.304  INFO [msg-service] 7304 --- [           main] com.netflix.discovery.DiscoveryClient    : Starting heartbeat executor: renew interval is: 30
2018-12-17 13:30:58.316  INFO [msg-service] 7304 --- [           main] c.n.discovery.InstanceInfoReplicator     : InstanceInfoReplicator onDemand update allowed rate per min is 4
2018-12-17 13:30:58.331  INFO [msg-service] 7304 --- [           main] com.netflix.discovery.DiscoveryClient    : Discovery Client initialized at timestamp 1545024658331 with initial instances count: 8
2018-12-17 13:30:58.476  INFO [msg-service] 7304 --- [           main] c.n.e.EurekaDiscoveryClientConfiguration : Registering application msg-service with eureka with status UP
2018-12-17 13:30:58.479  INFO [msg-service] 7304 --- [           main] com.netflix.discovery.DiscoveryClient    : Saw local status change event StatusChangeEvent [timestamp=1545024658479, current=UP, previous=STARTING]
2018-12-17 13:30:58.497  INFO [msg-service] 7304 --- [nfoReplicator-0] com.netflix.discovery.DiscoveryClient    : DiscoveryClient_MSG-SERVICE/SC-201701131050:msg-service:3003: registering service...
2018-12-17 13:30:58.709  INFO [msg-service] 7304 --- [nfoReplicator-0] com.netflix.discovery.DiscoveryClient    : DiscoveryClient_MSG-SERVICE/SC-201701131050:msg-service:3003 - registration status: 204
2018-12-17 13:30:59.188  INFO [msg-service] 7304 --- [           main] s.b.c.e.t.TomcatEmbeddedServletContainer : Tomcat started on port(s): 3003 (http)
2018-12-17 13:30:59.191  INFO [msg-service] 7304 --- [           main] c.n.e.EurekaDiscoveryClientConfiguration : Updating port to 3003
2018-12-17 13:30:59.210  INFO [msg-service] 7304 --- [           main] com.qt.air.cleaner.msg.Application       : Started Application in 45.842 seconds (JVM running for 49.972)
2018-12-17 13:35:57.606  INFO [msg-service] 7304 --- [trap-executor-0] c.n.d.s.r.aws.ConfigClusterResolver      : Resolving eureka endpoints via configuration
2018-12-17 13:40:57.608  INFO [msg-service] 7304 --- [trap-executor-0] c.n.d.s.r.aws.ConfigClusterResolver      : Resolving eureka endpoints via configuration
2018-12-17 13:45:57.609  INFO [msg-service] 7304 --- [trap-executor-0] c.n.d.s.r.aws.ConfigClusterResolver      : Resolving eureka endpoints via configuration
2018-12-17 13:50:57.613  INFO [msg-service] 7304 --- [trap-executor-0] c.n.d.s.r.aws.ConfigClusterResolver      : Resolving eureka endpoints via configuration
2018-12-17 13:55:57.635  INFO [msg-service] 7304 --- [trap-executor-0] c.n.d.s.r.aws.ConfigClusterResolver      : Resolving eureka endpoints via configuration
2018-12-17 14:00:57.665  INFO [msg-service] 7304 --- [trap-executor-0] c.n.d.s.r.aws.ConfigClusterResolver      : Resolving eureka endpoints via configuration
2018-12-17 14:05:57.668  INFO [msg-service] 7304 --- [trap-executor-0] c.n.d.s.r.aws.ConfigClusterResolver      : Resolving eureka endpoints via configuration
2018-12-17 14:08:22.511  INFO [msg-service] 7304 --- [on(4)-127.0.0.1] inMXBeanRegistrar$SpringApplicationAdmin : Application shutdown requested.
2018-12-17 14:08:22.511  INFO [msg-service] 7304 --- [on(6)-127.0.0.1] inMXBeanRegistrar$SpringApplicationAdmin : Application shutdown requested.
2018-12-17 14:08:22.511  INFO [msg-service] 7304 --- [on(7)-127.0.0.1] inMXBeanRegistrar$SpringApplicationAdmin : Application shutdown requested.
2018-12-17 14:08:22.511  INFO [msg-service] 7304 --- [on(5)-127.0.0.1] inMXBeanRegistrar$SpringApplicationAdmin : Application shutdown requested.
2018-12-17 14:08:22.511  INFO [msg-service] 7304 --- [on(8)-127.0.0.1] inMXBeanRegistrar$SpringApplicationAdmin : Application shutdown requested.
2018-12-17 14:08:22.595  INFO [msg-service] 7304 --- [on(6)-127.0.0.1] ationConfigEmbeddedWebApplicationContext : Closing org.springframework.boot.context.embedded.AnnotationConfigEmbeddedWebApplicationContext@1a6cf771: startup date [Mon Dec 17 13:30:23 CST 2018]; parent: org.springframework.context.annotation.AnnotationConfigApplicationContext@ecf9fb3
2018-12-17 14:08:22.692  INFO [msg-service] 7304 --- [on(9)-127.0.0.1] inMXBeanRegistrar$SpringApplicationAdmin : Application shutdown requested.
2018-12-17 14:08:22.774  INFO [msg-service] 7304 --- [on(6)-127.0.0.1] c.n.e.EurekaDiscoveryClientConfiguration : Unregistering application msg-service with eureka with status DOWN
2018-12-17 14:08:22.775  WARN [msg-service] 7304 --- [on(6)-127.0.0.1] com.netflix.discovery.DiscoveryClient    : Saw local status change event StatusChangeEvent [timestamp=1545026902775, current=DOWN, previous=UP]
2018-12-17 14:08:22.775  INFO [msg-service] 7304 --- [nfoReplicator-0] com.netflix.discovery.DiscoveryClient    : DiscoveryClient_MSG-SERVICE/SC-201701131050:msg-service:3003: registering service...
2018-12-17 14:08:22.904  INFO [msg-service] 7304 --- [on(6)-127.0.0.1] com.netflix.discovery.DiscoveryClient    : Shutting down DiscoveryClient ...
2018-12-17 14:08:22.905  INFO [msg-service] 7304 --- [on(6)-127.0.0.1] com.netflix.discovery.DiscoveryClient    : Unregistering ...
2018-12-17 14:08:23.044  INFO [msg-service] 7304 --- [nfoReplicator-0] com.netflix.discovery.DiscoveryClient    : DiscoveryClient_MSG-SERVICE/SC-201701131050:msg-service:3003 - registration status: 204
2018-12-17 14:08:23.350  INFO [msg-service] 7304 --- [on(6)-127.0.0.1] com.netflix.discovery.DiscoveryClient    : DiscoveryClient_MSG-SERVICE/SC-201701131050:msg-service:3003 - deregister  status: 200
2018-12-17 14:08:23.568  INFO [msg-service] 7304 --- [on(6)-127.0.0.1] com.netflix.discovery.DiscoveryClient    : Completed shut down of DiscoveryClient
2018-12-17 14:08:23.950  INFO [msg-service] 7304 --- [on(6)-127.0.0.1] o.s.c.support.DefaultLifecycleProcessor  : Stopping beans in phase 0
2018-12-17 14:08:24.137  INFO [msg-service] 7304 --- [n(10)-127.0.0.1] inMXBeanRegistrar$SpringApplicationAdmin : Application shutdown requested.
2018-12-17 14:08:24.403  INFO [msg-service] 7304 --- [on(6)-127.0.0.1] o.s.j.e.a.AnnotationMBeanExporter        : Unregistering JMX-exposed beans on shutdown
2018-12-17 14:08:24.404  INFO [msg-service] 7304 --- [on(6)-127.0.0.1] o.s.j.e.a.AnnotationMBeanExporter        : Unregistering JMX-exposed beans
2018-12-17 14:08:24.448  INFO [msg-service] 7304 --- [on(6)-127.0.0.1] j.LocalContainerEntityManagerFactoryBean : Closing JPA EntityManagerFactory for persistence unit 'default'
